#
# A fatal error has been detected by the Java Runtime Environment:
#
#  SIGSEGV (0xb) at pc=0x000000010b5225f7, pid=3132, tid=0x000000000000d95f
#
# JRE version: Java(TM) SE Runtime Environment (8.0_144-b01) (build 1.8.0_144-b01)
# Java VM: Java HotSpot(TM) 64-Bit Server VM (25.144-b01 mixed mode bsd-amd64 compressed oops)
# Problematic frame:
# V  [libjvm.dylib+0x3225f7]
#
# Failed to write core dump. Core dumps have been disabled. To enable core dumping, try "ulimit -c unlimited" before starting Java again
#
# If you would like to submit a bug report, please visit:
#   http://bugreport.java.com/bugreport/crash.jsp
#

---------------  T H R E A D  ---------------

Current thread (0x00007fa554b3f800):  JavaThread "Thread-0" [_thread_in_vm, id=55647, stack(0x000070000b9af000,0x000070000baaf000)]

siginfo: si_signo: 11 (SIGSEGV), si_code: 1 (SEGV_MAPERR), si_addr: 0x0000000000000000

Registers:
RAX=0x0000000000000001, RBX=0x0000000000000001, RCX=0x0000000000000001, RDX=0x0000000000000000
RSP=0x000070000baae650, RBP=0x000070000baae6b0, RSI=0x0000000000000000, RDI=0x00007fa554b3f9f8
R8 =0x00007fa557a5cd00, R9 =0x0000000796988b38, R10=0x000000000000001c, R11=0x0000000000000206
R12=0x0000000000000000, R13=0x00007fa554b3f800, R14=0x0000000000000000, R15=0x0000000000000000
RIP=0x000000010b5225f7, EFLAGS=0x0000000000010202, ERR=0x0000000000000004
  TRAPNO=0x000000000000000e

Top of Stack: (sp=0x000070000baae650)
0x000070000baae650:   00007fa557a5cd00 00007fa554b3f800
0x000070000baae660:   0000000000000000 0000000000000001
0x000070000baae670:   000000000000001c 00007fa554b3f800
0x000070000baae680:   00007fa554b3f800 0000000127bc5880
0x000070000baae690:   0000000000000000 0000000127bc5880
0x000070000baae6a0:   000070000baae880 00007fa554b3f800
0x000070000baae6b0:   000070000baae7b0 0000000127d7846f
0x000070000baae6c0:   0000700000000004 00007fa557a0c4c0
0x000070000baae6d0:   0000000400000000 0000000000000008
0x000070000baae6e0:   0000000127bc5880 00007fa554b3f800
0x000070000baae6f0:   000070000baae8c8 0000000127bc5880
0x000070000baae700:   000070000baae750 0000000000000005
0x000070000baae710:   000070000baae730 000000010b3f368e
0x000070000baae720:   0000000127bc5880 0000000127bc5880
0x000070000baae730:   000070000baae7a0 000000011130b8e0
0x000070000baae740:   0000000127bc5880 00007fa554b3f800
0x000070000baae750:   00007fa554b3f800 0000000127bc5880
0x000070000baae760:   00007fa557a5cd00 0000000127bc5880
0x000070000baae770:   0000000100000001 0001000000000000
0x000070000baae780:   0000000000000001 0000000000000000
0x000070000baae790:   000000000000001c 000070000baae880
0x000070000baae7a0:   00007fa554b3f9f8 00000001112b9892
0x000070000baae7b0:   000070000baae838 00000001112b99f4
0x000070000baae7c0:   00007fa554b3f800 00007fa554b3f800
0x000070000baae7d0:   0000000127bc5880 000070000baae880
0x000070000baae7e0:   000070000baae838 00000001112b9787
0x000070000baae7f0:   00000001112b9742 000070000baae7f8
0x000070000baae800:   0000000127bc5880 000070000baae880
0x000070000baae810:   0000000127bc9af0 0000000000000000
0x000070000baae820:   0000000127bc5880 0000000000000000
0x000070000baae830:   000070000baae858 000070000baae8c8
0x000070000baae840:   00000001112a9d00 0000000000000000 

Instructions: (pc=0x000000010b5225f7)
0x000000010b5225d7:   00 4c 89 e7 4d 63 e6 48 63 cb 4c 89 fe 4c 89 e2
0x000000010b5225e7:   4c 8b 45 a0 90 0f 1f 40 00 89 d8 44 09 f0 78 3c
0x000000010b5225f7:   49 8b 07 41 01 de 48 8d 0d b0 70 5c 00 8a 11 84
0x000000010b522607:   d2 0f 94 c1 0f b6 c9 44 3b 74 88 0c 77 1e 85 db 

Register to memory mapping:

RAX=0x0000000000000001 is an unknown value
RBX=0x0000000000000001 is an unknown value
RCX=0x0000000000000001 is an unknown value
RDX=0x0000000000000000 is an unknown value
RSP=0x000070000baae650 is pointing into the stack for thread: 0x00007fa554b3f800
RBP=0x000070000baae6b0 is pointing into the stack for thread: 0x00007fa554b3f800
RSI=0x0000000000000000 is an unknown value
RDI=0x00007fa554b3f9f8 is an unknown value
R8 =0x00007fa557a5cd00 is an unknown value
R9 =0x0000000796988b38 is an oop
com.fazecast.jSerialComm.SerialPort 
 - klass: 'com/fazecast/jSerialComm/SerialPort'
R10=0x000000000000001c is an unknown value
R11=0x0000000000000206 is an unknown value
R12=0x0000000000000000 is an unknown value
R13=0x00007fa554b3f800 is a thread
R14=0x0000000000000000 is an unknown value
R15=0x0000000000000000 is an unknown value


Stack: [0x000070000b9af000,0x000070000baaf000],  sp=0x000070000baae650,  free space=1021k
Native frames: (J=compiled Java code, j=interpreted, Vv=VM code, C=native code)
V  [libjvm.dylib+0x3225f7]
C  [1526826698637-libjSerialComm.jnilib+0x346f]  Java_com_fazecast_jSerialComm_SerialPort_readBytes+0x63f
j  com.fazecast.jSerialComm.SerialPort.readBytes(J[BJ)I+0
j  com.fazecast.jSerialComm.SerialPort.readBytes([BJ)I+7
j  sembscope.Graph$1$1.run()V+11
v  ~StubRoutines::call_stub
V  [libjvm.dylib+0x2ee70a]
V  [libjvm.dylib+0x2eeeae]
V  [libjvm.dylib+0x2ef05a]
V  [libjvm.dylib+0x3497b1]
V  [libjvm.dylib+0x56c0b3]
V  [libjvm.dylib+0x56d7a0]
V  [libjvm.dylib+0x48baee]
C  [libsystem_pthread.dylib+0x3661]  _pthread_body+0x154
C  [libsystem_pthread.dylib+0x350d]  _pthread_body+0x0
C  [libsystem_pthread.dylib+0x2bf9]  thread_start+0xd
C  0x0000000000000000

Java frames: (J=compiled Java code, j=interpreted, Vv=VM code)
j  com.fazecast.jSerialComm.SerialPort.readBytes(J[BJ)I+0
j  com.fazecast.jSerialComm.SerialPort.readBytes([BJ)I+7
j  sembscope.Graph$1$1.run()V+11
v  ~StubRoutines::call_stub

---------------  P R O C E S S  ---------------

Java Threads: ( => current thread )
=>0x00007fa554b3f800 JavaThread "Thread-0" [_thread_in_vm, id=55647, stack(0x000070000b9af000,0x000070000baaf000)]
  0x00007fa55328e800 JavaThread "TimerQueue" daemon [_thread_blocked, id=72999, stack(0x000070000b8ac000,0x000070000b9ac000)]
  0x00007fa554b38800 JavaThread "DestroyJavaVM" [_thread_blocked, id=6403, stack(0x000070000a3e7000,0x000070000a4e7000)]
  0x00007fa554a34800 JavaThread "AWT-EventQueue-0" [_thread_blocked, id=78787, stack(0x000070000b726000,0x000070000b826000)]
  0x00007fa553102800 JavaThread "AWT-Shutdown" [_thread_blocked, id=78355, stack(0x000070000b294000,0x000070000b394000)]
  0x00007fa5549f4800 JavaThread "Java2D Disposer" daemon [_thread_blocked, id=79123, stack(0x000070000b623000,0x000070000b723000)]
  0x00007fa55396a800 JavaThread "Java2D Queue Flusher" daemon [_thread_blocked, id=85763, stack(0x000070000b520000,0x000070000b620000)]
  0x00007fa5548ae000 JavaThread "AppKit Thread" daemon [_thread_in_native, id=775, stack(0x00007ffee4bdb000,0x00007ffee53db000)]
  0x00007fa55480f000 JavaThread "Service Thread" daemon [_thread_blocked, id=17923, stack(0x000070000b00b000,0x000070000b10b000)]
  0x00007fa554806800 JavaThread "C1 CompilerThread2" daemon [_thread_blocked, id=18179, stack(0x000070000af08000,0x000070000b008000)]
  0x00007fa554805800 JavaThread "C2 CompilerThread1" daemon [_thread_blocked, id=14339, stack(0x000070000ae05000,0x000070000af05000)]
  0x00007fa554804000 JavaThread "C2 CompilerThread0" daemon [_thread_blocked, id=18947, stack(0x000070000ad02000,0x000070000ae02000)]
  0x00007fa554802800 JavaThread "Signal Dispatcher" daemon [_thread_blocked, id=19203, stack(0x000070000abff000,0x000070000acff000)]
  0x00007fa554015000 JavaThread "Finalizer" daemon [_thread_blocked, id=12035, stack(0x000070000aafc000,0x000070000abfc000)]
  0x00007fa553032000 JavaThread "Reference Handler" daemon [_thread_blocked, id=21251, stack(0x000070000a9f9000,0x000070000aaf9000)]

Other Threads:
  0x00007fa55302d800 VMThread [stack: 0x000070000a8f6000,0x000070000a9f6000] [id=11523]
  0x00007fa554803800 WatcherThread [stack: 0x000070000b10e000,0x000070000b20e000] [id=17667]

VM state:not at safepoint (normal execution)

VM Mutex/Monitor currently owned by a thread: None

Heap:
 PSYoungGen      total 38400K, used 22332K [0x0000000795580000, 0x0000000798000000, 0x00000007c0000000)
  eden space 33280K, 67% used [0x0000000795580000,0x0000000796b4f030,0x0000000797600000)
  from space 5120K, 0% used [0x0000000797b00000,0x0000000797b00000,0x0000000798000000)
  to   space 5120K, 0% used [0x0000000797600000,0x0000000797600000,0x0000000797b00000)
 ParOldGen       total 87552K, used 0K [0x0000000740000000, 0x0000000745580000, 0x0000000795580000)
  object space 87552K, 0% used [0x0000000740000000,0x0000000740000000,0x0000000745580000)
 Metaspace       used 15232K, capacity 15606K, committed 15744K, reserved 1062912K
  class space    used 1972K, capacity 2114K, committed 2176K, reserved 1048576K

Card table byte_map: [0x000000010c567000,0x000000010c968000] byte_map_base: 0x0000000108b67000

Marking Bits: (ParMarkBitMap*) 0x000000010baf35d0
 Begin Bits: [0x000000010cc13000, 0x000000010ec13000)
 End Bits:   [0x000000010ec13000, 0x0000000110c13000)

Polling page: 0x000000010a8a1000

CodeCache: size=245760Kb used=3404Kb max_used=3404Kb free=242355Kb
 bounds [0x00000001112a2000, 0x0000000111602000, 0x00000001202a2000]
 total_blobs=1631 nmethods=1017 adapters=528
 compilation: enabled

Compilation events (10 events):
Event: 5.091 Thread 0x00007fa554806800 1006       3       sun.java2d.pipe.Region::getInstanceXYWH (16 bytes)
Event: 5.091 Thread 0x00007fa554806800 nmethod 1006 0x00000001115ee1d0 code [0x00000001115ee360, 0x00000001115ee7f0]
Event: 5.094 Thread 0x00007fa554806800 1007   !   3       java.awt.event.InputEvent::canAccessSystemClipboard (57 bytes)
Event: 5.095 Thread 0x00007fa554806800 nmethod 1007 0x00000001115eea10 code [0x00000001115eec20, 0x00000001115ef578]
Event: 5.162 Thread 0x00007fa554806800 1008   !   3       sun.lwawt.LWComponentPeer::isShaped (27 bytes)
Event: 5.162 Thread 0x00007fa554806800 nmethod 1008 0x00000001115e8050 code [0x00000001115e81c0, 0x00000001115e8590]
Event: 5.166 Thread 0x00007fa554806800 1009       3       java.awt.Rectangle::contains (7 bytes)
Event: 5.166 Thread 0x00007fa554806800 nmethod 1009 0x00000001115ef990 code [0x00000001115efb00, 0x00000001115efd08]
Event: 5.166 Thread 0x00007fa554806800 1010       3       java.awt.Rectangle::inside (88 bytes)
Event: 5.166 Thread 0x00007fa554806800 nmethod 1010 0x00000001115efd90 code [0x00000001115eff00, 0x00000001115f0230]

GC Heap History (0 events):
No events

Deoptimization events (5 events):
Event: 2.289 Thread 0x00007fa553802800 Uncommon trap: reason=unstable_if action=reinterpret pc=0x000000011148235c method=java.lang.String.toLowerCase(Ljava/util/Locale;)Ljava/lang/String; @ 22
Event: 2.385 Thread 0x00007fa553802800 Uncommon trap: reason=unstable_if action=reinterpret pc=0x0000000111467e40 method=java.lang.String.replace(CC)Ljava/lang/String; @ 26
Event: 3.283 Thread 0x00007fa554a34800 Uncommon trap: reason=class_check action=maybe_recompile pc=0x0000000111412e1c method=java.lang.String.equals(Ljava/lang/Object;)Z @ 8
Event: 3.436 Thread 0x00007fa554a34800 Uncommon trap: reason=class_check action=maybe_recompile pc=0x0000000111412e1c method=java.lang.String.equals(Ljava/lang/Object;)Z @ 8
Event: 4.807 Thread 0x00007fa554a34800 Uncommon trap: reason=class_check action=maybe_recompile pc=0x0000000111412e1c method=java.lang.String.equals(Ljava/lang/Object;)Z @ 8

Internal exceptions (10 events):
Event: 0.042 Thread 0x00007fa553802800 Exception <a 'java/lang/NoSuchMethodError': Method sun.misc.Unsafe.defineClass(Ljava/lang/String;[BII)Ljava/lang/Class; name or signature does not match> (0x0000000795587ca8) thrown at [/Users/java_re/workspace/8-2-build-macosx-x86_64/jdk8u144/9417/hotspo
Event: 0.042 Thread 0x00007fa553802800 Exception <a 'java/lang/NoSuchMethodError': Method sun.misc.Unsafe.prefetchRead(Ljava/lang/Object;J)V name or signature does not match> (0x0000000795587f90) thrown at [/Users/java_re/workspace/8-2-build-macosx-x86_64/jdk8u144/9417/hotspot/src/share/vm/pri
Event: 0.154 Thread 0x00007fa553802800 Exception <a 'java/security/PrivilegedActionException'> (0x000000079572ca38) thrown at [/Users/java_re/workspace/8-2-build-macosx-x86_64/jdk8u144/9417/hotspot/src/share/vm/prims/jvm.cpp, line 1390]
Event: 0.154 Thread 0x00007fa553802800 Exception <a 'java/security/PrivilegedActionException'> (0x000000079572cc48) thrown at [/Users/java_re/workspace/8-2-build-macosx-x86_64/jdk8u144/9417/hotspot/src/share/vm/prims/jvm.cpp, line 1390]
Event: 0.154 Thread 0x00007fa553802800 Exception <a 'java/security/PrivilegedActionException'> (0x000000079572ff78) thrown at [/Users/java_re/workspace/8-2-build-macosx-x86_64/jdk8u144/9417/hotspot/src/share/vm/prims/jvm.cpp, line 1390]
Event: 0.154 Thread 0x00007fa553802800 Exception <a 'java/security/PrivilegedActionException'> (0x0000000795730188) thrown at [/Users/java_re/workspace/8-2-build-macosx-x86_64/jdk8u144/9417/hotspot/src/share/vm/prims/jvm.cpp, line 1390]
Event: 0.198 Thread 0x00007fa553802800 Exception <a 'java/lang/NoSuchFieldError': method resolution failed> (0x00000007957fd410) thrown at [/Users/java_re/workspace/8-2-build-macosx-x86_64/jdk8u144/9417/hotspot/src/share/vm/prims/methodHandles.cpp, line 1146]
Event: 0.199 Thread 0x00007fa553802800 Exception <a 'java/lang/NoSuchFieldError': method resolution failed> (0x000000079580abe0) thrown at [/Users/java_re/workspace/8-2-build-macosx-x86_64/jdk8u144/9417/hotspot/src/share/vm/prims/methodHandles.cpp, line 1146]
Event: 0.411 Thread 0x00007fa553802800 Exception <a 'java/io/FileNotFoundException'> (0x0000000795885550) thrown at [/Users/java_re/workspace/8-2-build-macosx-x86_64/jdk8u144/9417/hotspot/src/share/vm/prims/jni.cpp, line 709]
Event: 0.411 Thread 0x00007fa553802800 Exception <a 'java/io/FileNotFoundException'> (0x00000007958860b8) thrown at [/Users/java_re/workspace/8-2-build-macosx-x86_64/jdk8u144/9417/hotspot/src/share/vm/prims/jni.cpp, line 709]

Events (10 events):
Event: 4.813 loading class javax/swing/JList$ListSelectionHandler done
Event: 4.813 loading class javax/swing/JComboBox$AccessibleJComboBox$AccessibleJComboBoxPopupMenuListener
Event: 4.813 loading class javax/swing/JComboBox$AccessibleJComboBox$AccessibleJComboBoxPopupMenuListener done
Event: 4.813 loading class javax/accessibility/AccessibleState
Event: 4.813 loading class javax/accessibility/AccessibleBundle
Event: 4.813 loading class javax/accessibility/AccessibleBundle done
Event: 4.813 loading class javax/accessibility/AccessibleState done
Event: 4.944 loading class javax/swing/Timer$1
Event: 4.944 loading class javax/swing/Timer$1 done
Event: 5.883 Thread 0x00007fa554b3f800 Thread added: 0x00007fa554b3f800


Dynamic libraries:
0x000000001f351000 	/System/Library/Frameworks/Cocoa.framework/Versions/A/Cocoa
0x000000001f351000 	/System/Library/Frameworks/Security.framework/Versions/A/Security
0x000000001f351000 	/System/Library/Frameworks/ApplicationServices.framework/Versions/A/ApplicationServices
0x000000001f351000 	/usr/lib/libz.1.dylib
0x000000001f351000 	/usr/lib/libSystem.B.dylib
0x000000001f351000 	/usr/lib/libobjc.A.dylib
0x000000001f351000 	/System/Library/Frameworks/CoreFoundation.framework/Versions/A/CoreFoundation
0x000000001f351000 	/System/Library/Frameworks/Foundation.framework/Versions/C/Foundation
0x000000001f351000 	/System/Library/Frameworks/AppKit.framework/Versions/C/AppKit
0x000000001f351000 	/System/Library/Frameworks/CoreData.framework/Versions/A/CoreData
0x000000001f351000 	/System/Library/PrivateFrameworks/RemoteViewServices.framework/Versions/A/RemoteViewServices
0x000000001f351000 	/System/Library/PrivateFrameworks/UIFoundation.framework/Versions/A/UIFoundation
0x000000001f351000 	/System/Library/PrivateFrameworks/DFRFoundation.framework/Versions/A/DFRFoundation
0x000000001f351000 	/System/Library/Frameworks/Metal.framework/Versions/A/Metal
0x000000001f351000 	/System/Library/PrivateFrameworks/DesktopServicesPriv.framework/Versions/A/DesktopServicesPriv
0x000000001f351000 	/usr/lib/libenergytrace.dylib
0x000000001f351000 	/System/Library/PrivateFrameworks/SkyLight.framework/Versions/A/SkyLight
0x000000001f351000 	/System/Library/Frameworks/CoreGraphics.framework/Versions/A/CoreGraphics
0x000000001f351000 	/usr/lib/libScreenReader.dylib
0x000000001f351000 	/System/Library/Frameworks/Accelerate.framework/Versions/A/Accelerate
0x000000001f351000 	/System/Library/Frameworks/IOSurface.framework/Versions/A/IOSurface
0x000000001f351000 	/System/Library/Frameworks/AudioToolbox.framework/Versions/A/AudioToolbox
0x000000001f351000 	/System/Library/Frameworks/AudioUnit.framework/Versions/A/AudioUnit
0x000000001f351000 	/System/Library/PrivateFrameworks/DataDetectorsCore.framework/Versions/A/DataDetectorsCore
0x000000001f351000 	/System/Library/Frameworks/Carbon.framework/Versions/A/Frameworks/HIToolbox.framework/Versions/A/HIToolbox
0x000000001f351000 	/usr/lib/libicucore.A.dylib
0x000000001f351000 	/System/Library/Frameworks/QuartzCore.framework/Versions/A/QuartzCore
0x000000001f351000 	/System/Library/PrivateFrameworks/SignpostNotification.framework/Versions/A/SignpostNotification
0x000000001f351000 	/System/Library/Frameworks/Carbon.framework/Versions/A/Frameworks/SpeechRecognition.framework/Versions/A/SpeechRecognition
0x000000001f351000 	/usr/lib/libauto.dylib
0x000000001f351000 	/usr/lib/libxml2.2.dylib
0x000000001f351000 	/System/Library/PrivateFrameworks/CoreUI.framework/Versions/A/CoreUI
0x000000001f351000 	/System/Library/Frameworks/CoreAudio.framework/Versions/A/CoreAudio
0x000000001f351000 	/System/Library/Frameworks/DiskArbitration.framework/Versions/A/DiskArbitration
0x000000001f351000 	/usr/lib/liblangid.dylib
0x000000001f351000 	/System/Library/PrivateFrameworks/MultitouchSupport.framework/Versions/A/MultitouchSupport
0x000000001f351000 	/System/Library/Frameworks/IOKit.framework/Versions/A/IOKit
0x000000001f351000 	/usr/lib/libDiagnosticMessagesClient.dylib
0x000000001f351000 	/System/Library/Frameworks/CoreServices.framework/Versions/A/CoreServices
0x000000001f351000 	/System/Library/PrivateFrameworks/PerformanceAnalysis.framework/Versions/A/PerformanceAnalysis
0x000000001f351000 	/System/Library/Frameworks/OpenGL.framework/Versions/A/OpenGL
0x000000001f351000 	/System/Library/Frameworks/ColorSync.framework/Versions/A/ColorSync
0x000000001f351000 	/System/Library/Frameworks/CoreImage.framework/Versions/A/CoreImage
0x000000001f351000 	/System/Library/Frameworks/CoreText.framework/Versions/A/CoreText
0x000000001f351000 	/System/Library/Frameworks/ImageIO.framework/Versions/A/ImageIO
0x000000001f351000 	/System/Library/PrivateFrameworks/Backup.framework/Versions/A/Backup
0x000000001f351000 	/usr/lib/libarchive.2.dylib
0x000000001f351000 	/System/Library/Frameworks/CFNetwork.framework/Versions/A/CFNetwork
0x000000001f351000 	/System/Library/Frameworks/SystemConfiguration.framework/Versions/A/SystemConfiguration
0x000000001f351000 	/usr/lib/libCRFSuite.dylib
0x000000001f351000 	/usr/lib/libc++.1.dylib
0x000000001f351000 	/usr/lib/libc++abi.dylib
0x000000001f351000 	/usr/lib/system/libcache.dylib
0x000000001f351000 	/usr/lib/system/libcommonCrypto.dylib
0x000000001f351000 	/usr/lib/system/libcompiler_rt.dylib
0x000000001f351000 	/usr/lib/system/libcopyfile.dylib
0x000000001f351000 	/usr/lib/system/libcorecrypto.dylib
0x000000001f351000 	/usr/lib/system/libdispatch.dylib
0x000000001f351000 	/usr/lib/system/libdyld.dylib
0x000000001f351000 	/usr/lib/system/libkeymgr.dylib
0x000000001f351000 	/usr/lib/system/liblaunch.dylib
0x000000001f351000 	/usr/lib/system/libmacho.dylib
0x000000001f351000 	/usr/lib/system/libquarantine.dylib
0x000000001f351000 	/usr/lib/system/libremovefile.dylib
0x000000001f351000 	/usr/lib/system/libsystem_asl.dylib
0x000000001f351000 	/usr/lib/system/libsystem_blocks.dylib
0x000000001f351000 	/usr/lib/system/libsystem_c.dylib
0x000000001f351000 	/usr/lib/system/libsystem_configuration.dylib
0x000000001f351000 	/usr/lib/system/libsystem_coreservices.dylib
0x000000001f351000 	/usr/lib/system/libsystem_darwin.dylib
0x000000001f351000 	/usr/lib/system/libsystem_dnssd.dylib
0x000000001f351000 	/usr/lib/system/libsystem_info.dylib
0x000000001f351000 	/usr/lib/system/libsystem_m.dylib
0x000000001f351000 	/usr/lib/system/libsystem_malloc.dylib
0x000000001f351000 	/usr/lib/system/libsystem_network.dylib
0x000000001f351000 	/usr/lib/system/libsystem_networkextension.dylib
0x000000001f351000 	/usr/lib/system/libsystem_notify.dylib
0x000000001f351000 	/usr/lib/system/libsystem_sandbox.dylib
0x000000001f351000 	/usr/lib/system/libsystem_secinit.dylib
0x000000001f351000 	/usr/lib/system/libsystem_kernel.dylib
0x000000001f351000 	/usr/lib/system/libsystem_platform.dylib
0x000000001f351000 	/usr/lib/system/libsystem_pthread.dylib
0x000000001f351000 	/usr/lib/system/libsystem_symptoms.dylib
0x000000001f351000 	/usr/lib/system/libsystem_trace.dylib
0x000000001f351000 	/usr/lib/system/libunwind.dylib
0x000000001f351000 	/usr/lib/system/libxpc.dylib
0x000000001f351000 	/usr/lib/closure/libclosured.dylib
0x000000001f351000 	/usr/lib/libbsm.0.dylib
0x000000001f351000 	/usr/lib/system/libkxld.dylib
0x000000001f351000 	/usr/lib/libOpenScriptingUtil.dylib
0x000000001f351000 	/usr/lib/libcoretls.dylib
0x000000001f351000 	/usr/lib/libcoretls_cfhelpers.dylib
0x000000001f351000 	/usr/lib/libpam.2.dylib
0x000000001f351000 	/usr/lib/libsqlite3.dylib
0x000000001f351000 	/usr/lib/libxar.1.dylib
0x000000001f351000 	/usr/lib/libbz2.1.0.dylib
0x000000001f351000 	/usr/lib/liblzma.5.dylib
0x000000001f351000 	/usr/lib/libnetwork.dylib
0x000000001f351000 	/usr/lib/libapple_nghttp2.dylib
0x000000001f351000 	/usr/lib/libpcap.A.dylib
0x000000001f351000 	/usr/lib/libboringssl.dylib
0x000000001f351000 	/usr/lib/libusrtcp.dylib
0x000000001f351000 	/usr/lib/libapple_crypto.dylib
0x000000001f351000 	/System/Library/Frameworks/CoreServices.framework/Versions/A/Frameworks/FSEvents.framework/Versions/A/FSEvents
0x000000001f351000 	/System/Library/Frameworks/CoreServices.framework/Versions/A/Frameworks/CarbonCore.framework/Versions/A/CarbonCore
0x000000001f351000 	/System/Library/Frameworks/CoreServices.framework/Versions/A/Frameworks/Metadata.framework/Versions/A/Metadata
0x000000001f351000 	/System/Library/Frameworks/CoreServices.framework/Versions/A/Frameworks/OSServices.framework/Versions/A/OSServices
0x000000001f351000 	/System/Library/Frameworks/CoreServices.framework/Versions/A/Frameworks/SearchKit.framework/Versions/A/SearchKit
0x000000001f351000 	/System/Library/Frameworks/CoreServices.framework/Versions/A/Frameworks/AE.framework/Versions/A/AE
0x000000001f351000 	/System/Library/Frameworks/CoreServices.framework/Versions/A/Frameworks/LaunchServices.framework/Versions/A/LaunchServices
0x000000001f351000 	/System/Library/Frameworks/CoreServices.framework/Versions/A/Frameworks/DictionaryServices.framework/Versions/A/DictionaryServices
0x000000001f351000 	/System/Library/Frameworks/CoreServices.framework/Versions/A/Frameworks/SharedFileList.framework/Versions/A/SharedFileList
0x000000001f351000 	/System/Library/Frameworks/NetFS.framework/Versions/A/NetFS
0x000000001f351000 	/System/Library/PrivateFrameworks/NetAuth.framework/Versions/A/NetAuth
0x000000001f351000 	/System/Library/PrivateFrameworks/login.framework/Versions/A/Frameworks/loginsupport.framework/Versions/A/loginsupport
0x000000001f351000 	/System/Library/PrivateFrameworks/TCC.framework/Versions/A/TCC
0x000000001f351000 	/usr/lib/libmecabra.dylib
0x000000001f351000 	/System/Library/Frameworks/ApplicationServices.framework/Versions/A/Frameworks/ATS.framework/Versions/A/ATS
0x000000001f351000 	/System/Library/Frameworks/ApplicationServices.framework/Versions/A/Frameworks/ColorSyncLegacy.framework/Versions/A/ColorSyncLegacy
0x000000001f351000 	/System/Library/Frameworks/ApplicationServices.framework/Versions/A/Frameworks/HIServices.framework/Versions/A/HIServices
0x000000001f351000 	/System/Library/Frameworks/ApplicationServices.framework/Versions/A/Frameworks/LangAnalysis.framework/Versions/A/LangAnalysis
0x000000001f351000 	/System/Library/Frameworks/ApplicationServices.framework/Versions/A/Frameworks/PrintCore.framework/Versions/A/PrintCore
0x000000001f351000 	/System/Library/Frameworks/ApplicationServices.framework/Versions/A/Frameworks/QD.framework/Versions/A/QD
0x000000001f351000 	/System/Library/Frameworks/ApplicationServices.framework/Versions/A/Frameworks/SpeechSynthesis.framework/Versions/A/SpeechSynthesis
0x000000001f351000 	/System/Library/Frameworks/CoreDisplay.framework/Versions/A/CoreDisplay
0x000000001f351000 	/System/Library/Frameworks/Accelerate.framework/Versions/A/Frameworks/vImage.framework/Versions/A/vImage
0x000000001f351000 	/System/Library/Frameworks/Accelerate.framework/Versions/A/Frameworks/vecLib.framework/Versions/A/vecLib
0x000000001f351000 	/System/Library/Frameworks/Accelerate.framework/Versions/A/Frameworks/vecLib.framework/Versions/A/libvDSP.dylib
0x000000001f351000 	/System/Library/Frameworks/Accelerate.framework/Versions/A/Frameworks/vecLib.framework/Versions/A/libBNNS.dylib
0x000000001f351000 	/System/Library/Frameworks/Accelerate.framework/Versions/A/Frameworks/vecLib.framework/Versions/A/libQuadrature.dylib
0x000000001f351000 	/System/Library/Frameworks/Accelerate.framework/Versions/A/Frameworks/vecLib.framework/Versions/A/libvMisc.dylib
0x000000001f351000 	/System/Library/Frameworks/Accelerate.framework/Versions/A/Frameworks/vecLib.framework/Versions/A/libLAPACK.dylib
0x000000001f351000 	/System/Library/Frameworks/Accelerate.framework/Versions/A/Frameworks/vecLib.framework/Versions/A/libBLAS.dylib
0x000000001f351000 	/System/Library/Frameworks/Accelerate.framework/Versions/A/Frameworks/vecLib.framework/Versions/A/libLinearAlgebra.dylib
0x000000001f351000 	/System/Library/Frameworks/Accelerate.framework/Versions/A/Frameworks/vecLib.framework/Versions/A/libSparse.dylib
0x000000001f351000 	/System/Library/Frameworks/Accelerate.framework/Versions/A/Frameworks/vecLib.framework/Versions/A/libSparseBLAS.dylib
0x000000001f351000 	/System/Library/PrivateFrameworks/GPUWrangler.framework/Versions/A/GPUWrangler
0x000000001f351000 	/System/Library/PrivateFrameworks/IOAccelerator.framework/Versions/A/IOAccelerator
0x000000001f351000 	/System/Library/PrivateFrameworks/IOPresentment.framework/Versions/A/IOPresentment
0x000000001f351000 	/System/Library/PrivateFrameworks/DSExternalDisplay.framework/Versions/A/DSExternalDisplay
0x000000001f351000 	/System/Library/Frameworks/OpenGL.framework/Versions/A/Libraries/libCoreFSCache.dylib
0x000000001f351000 	/System/Library/Frameworks/CoreVideo.framework/Versions/A/CoreVideo
0x000000001f351000 	/System/Library/PrivateFrameworks/GraphVisualizer.framework/Versions/A/GraphVisualizer
0x000000001f351000 	/System/Library/Frameworks/MetalPerformanceShaders.framework/Versions/A/MetalPerformanceShaders
0x000000001f351000 	/usr/lib/libFosl_dynamic.dylib
0x000000001f351000 	/System/Library/PrivateFrameworks/FaceCore.framework/Versions/A/FaceCore
0x000000001f351000 	/System/Library/Frameworks/OpenCL.framework/Versions/A/OpenCL
0x000000001f351000 	/usr/lib/libcompression.dylib
0x000000001f351000 	/System/Library/Frameworks/ApplicationServices.framework/Versions/A/Frameworks/ATS.framework/Versions/A/Resources/libFontParser.dylib
0x000000001f351000 	/System/Library/Frameworks/ApplicationServices.framework/Versions/A/Frameworks/ATS.framework/Versions/A/Resources/libFontRegistry.dylib
0x000000001f351000 	/System/Library/Frameworks/ImageIO.framework/Versions/A/Resources/libJPEG.dylib
0x000000001f351000 	/System/Library/Frameworks/ImageIO.framework/Versions/A/Resources/libTIFF.dylib
0x000000001f351000 	/System/Library/Frameworks/ImageIO.framework/Versions/A/Resources/libPng.dylib
0x000000001f351000 	/System/Library/Frameworks/ImageIO.framework/Versions/A/Resources/libGIF.dylib
0x000000001f351000 	/System/Library/Frameworks/ImageIO.framework/Versions/A/Resources/libJP2.dylib
0x000000001f351000 	/System/Library/Frameworks/ImageIO.framework/Versions/A/Resources/libRadiance.dylib
0x000000001f351000 	/System/Library/PrivateFrameworks/AppleJPEG.framework/Versions/A/AppleJPEG
0x000000001f351000 	/System/Library/Frameworks/MetalPerformanceShaders.framework/Frameworks/MPSCore.framework/Versions/A/MPSCore
0x000000001f351000 	/System/Library/Frameworks/MetalPerformanceShaders.framework/Frameworks/MPSImage.framework/Versions/A/MPSImage
0x000000001f351000 	/System/Library/Frameworks/MetalPerformanceShaders.framework/Frameworks/MPSNeuralNetwork.framework/Versions/A/MPSNeuralNetwork
0x000000001f351000 	/System/Library/Frameworks/MetalPerformanceShaders.framework/Frameworks/MPSMatrix.framework/Versions/A/MPSMatrix
0x000000001f351000 	/System/Library/PrivateFrameworks/MetalTools.framework/Versions/A/MetalTools
0x000000001f351000 	/System/Library/Frameworks/OpenGL.framework/Versions/A/Libraries/libGLU.dylib
0x000000001f351000 	/System/Library/Frameworks/OpenGL.framework/Versions/A/Libraries/libGFXShared.dylib
0x000000001f351000 	/System/Library/Frameworks/OpenGL.framework/Versions/A/Libraries/libGL.dylib
0x000000001f351000 	/System/Library/Frameworks/OpenGL.framework/Versions/A/Libraries/libGLImage.dylib
0x000000001f351000 	/System/Library/Frameworks/OpenGL.framework/Versions/A/Libraries/libCVMSPluginSupport.dylib
0x000000001f351000 	/System/Library/Frameworks/OpenGL.framework/Versions/A/Libraries/libCoreVMClient.dylib
0x000000001f351000 	/usr/lib/libcups.2.dylib
0x000000001f351000 	/System/Library/Frameworks/Kerberos.framework/Versions/A/Kerberos
0x000000001f351000 	/System/Library/Frameworks/GSS.framework/Versions/A/GSS
0x000000001f351000 	/usr/lib/libresolv.9.dylib
0x000000001f351000 	/usr/lib/libiconv.2.dylib
0x000000001f351000 	/System/Library/PrivateFrameworks/Heimdal.framework/Versions/A/Heimdal
0x000000001f351000 	/usr/lib/libheimdal-asn1.dylib
0x000000001f351000 	/System/Library/Frameworks/OpenDirectory.framework/Versions/A/OpenDirectory
0x000000001f351000 	/System/Library/PrivateFrameworks/CommonAuth.framework/Versions/A/CommonAuth
0x000000001f351000 	/System/Library/Frameworks/OpenDirectory.framework/Versions/A/Frameworks/CFOpenDirectory.framework/Versions/A/CFOpenDirectory
0x000000001f351000 	/System/Library/Frameworks/SecurityFoundation.framework/Versions/A/SecurityFoundation
0x000000001f351000 	/System/Library/PrivateFrameworks/APFS.framework/Versions/A/APFS
0x000000001f351000 	/usr/lib/libutil.dylib
0x000000001f351000 	/System/Library/PrivateFrameworks/AppleSauce.framework/Versions/A/AppleSauce
0x000000001f351000 	/System/Library/PrivateFrameworks/LinguisticData.framework/Versions/A/LinguisticData
0x000000001f351000 	/usr/lib/libmarisa.dylib
0x000000001f351000 	/System/Library/PrivateFrameworks/Lexicon.framework/Versions/A/Lexicon
0x000000001f351000 	/usr/lib/libChineseTokenizer.dylib
0x000000001f351000 	/usr/lib/libcmph.dylib
0x000000001f351000 	/System/Library/PrivateFrameworks/LanguageModeling.framework/Versions/A/LanguageModeling
0x000000001f351000 	/System/Library/PrivateFrameworks/CoreEmoji.framework/Versions/A/CoreEmoji
0x000000001f351000 	/System/Library/Frameworks/ServiceManagement.framework/Versions/A/ServiceManagement
0x000000001f351000 	/System/Library/PrivateFrameworks/BackgroundTaskManagement.framework/Versions/A/BackgroundTaskManagement
0x000000001f351000 	/usr/lib/libxslt.1.dylib
0x000000001f351000 	/System/Library/Frameworks/Carbon.framework/Versions/A/Frameworks/Ink.framework/Versions/A/Ink
0x000000001f351000 	/System/Library/PrivateFrameworks/TextureIO.framework/Versions/A/TextureIO
0x000000001f351000 	/usr/lib/libate.dylib
0x000000001f351000 	/System/Library/PrivateFrameworks/CrashReporterSupport.framework/Versions/A/CrashReporterSupport
0x000000001f351000 	/System/Library/PrivateFrameworks/Sharing.framework/Versions/A/Sharing
0x000000001f351000 	/System/Library/PrivateFrameworks/IconServices.framework/Versions/A/IconServices
0x000000001f351000 	/System/Library/PrivateFrameworks/Apple80211.framework/Versions/A/Apple80211
0x000000001f351000 	/System/Library/PrivateFrameworks/CoreUtils.framework/Versions/A/CoreUtils
0x000000001f351000 	/System/Library/Frameworks/CoreWLAN.framework/Versions/A/CoreWLAN
0x000000001f351000 	/System/Library/Frameworks/IOBluetooth.framework/Versions/A/IOBluetooth
0x000000001f351000 	/System/Library/PrivateFrameworks/ProtocolBuffer.framework/Versions/A/ProtocolBuffer
0x000000001f351000 	/System/Library/PrivateFrameworks/CoreWiFi.framework/Versions/A/CoreWiFi
0x000000001f351000 	/System/Library/Frameworks/CoreBluetooth.framework/Versions/A/CoreBluetooth
0x000000001f351000 	/System/Library/PrivateFrameworks/DebugSymbols.framework/Versions/A/DebugSymbols
0x000000001f351000 	/System/Library/PrivateFrameworks/CoreSymbolication.framework/Versions/A/CoreSymbolication
0x000000001f351000 	/System/Library/PrivateFrameworks/Symbolication.framework/Versions/A/Symbolication
0x000000001f351000 	/System/Library/PrivateFrameworks/AppleFSCompression.framework/Versions/A/AppleFSCompression
0x000000001f351000 	/System/Library/PrivateFrameworks/SpeechRecognitionCore.framework/Versions/A/SpeechRecognitionCore
0x000000010b200000 	/Library/Java/JavaVirtualMachines/jdk1.8.0_144.jdk/Contents/Home/jre/lib/server/libjvm.dylib
0x000000001f351000 	/usr/lib/libstdc++.6.0.9.dylib
0x000000010a85e000 	/Library/Java/JavaVirtualMachines/jdk1.8.0_144.jdk/Contents/Home/jre/lib/libverify.dylib
0x000000010a86c000 	/Library/Java/JavaVirtualMachines/jdk1.8.0_144.jdk/Contents/Home/jre/lib/libjava.dylib
0x000000010a8eb000 	/Library/Java/JavaVirtualMachines/jdk1.8.0_144.jdk/Contents/Home/jre/lib/libzip.dylib
0x000000001f351000 	/System/Library/Frameworks/JavaVM.framework/Versions/A/Frameworks/JavaRuntimeSupport.framework/Versions/A/JavaRuntimeSupport
0x000000001f351000 	/System/Library/Frameworks/JavaVM.framework/Versions/A/Frameworks/JavaNativeFoundation.framework/Versions/A/JavaNativeFoundation
0x000000001f351000 	/System/Library/Frameworks/JavaVM.framework/Versions/A/JavaVM
0x000000001f351000 	/System/Library/Frameworks/Carbon.framework/Versions/A/Carbon
0x000000001f351000 	/System/Library/PrivateFrameworks/JavaLaunching.framework/Versions/A/JavaLaunching
0x000000001f351000 	/System/Library/Frameworks/Carbon.framework/Versions/A/Frameworks/CommonPanels.framework/Versions/A/CommonPanels
0x000000001f351000 	/System/Library/Frameworks/Carbon.framework/Versions/A/Frameworks/Help.framework/Versions/A/Help
0x000000001f351000 	/System/Library/Frameworks/Carbon.framework/Versions/A/Frameworks/ImageCapture.framework/Versions/A/ImageCapture
0x000000001f351000 	/System/Library/Frameworks/Carbon.framework/Versions/A/Frameworks/OpenScripting.framework/Versions/A/OpenScripting
0x000000001f351000 	/System/Library/Frameworks/Carbon.framework/Versions/A/Frameworks/Print.framework/Versions/A/Print
0x000000001f351000 	/System/Library/Frameworks/Carbon.framework/Versions/A/Frameworks/SecurityHI.framework/Versions/A/SecurityHI
0x00000001234a6000 	/Library/Java/JavaVirtualMachines/jdk1.8.0_144.jdk/Contents/Home/jre/lib/libawt.dylib
0x000000012354e000 	/Library/Java/JavaVirtualMachines/jdk1.8.0_144.jdk/Contents/Home/jre/lib/./libmlib_image.dylib
0x000000012361a000 	/Library/Java/JavaVirtualMachines/jdk1.8.0_144.jdk/Contents/Home/jre/lib/libawt_lwawt.dylib
0x00000001236d1000 	/Library/Java/JavaVirtualMachines/jdk1.8.0_144.jdk/Contents/Home/jre/lib/./libosxapp.dylib
0x000000001f351000 	/System/Library/Frameworks/ExceptionHandling.framework/Versions/A/ExceptionHandling
0x000000001f351000 	/System/Library/PrivateFrameworks/CoreServicesInternal.framework/Versions/A/CoreServicesInternal
0x000000001f351000 	/System/Library/CoreServices/RawCamera.bundle/Contents/MacOS/RawCamera
0x000000001f351000 	/System/Library/PrivateFrameworks/MobileAsset.framework/Versions/A/MobileAsset
0x000000001f351000 	/System/Library/PrivateFrameworks/StreamingZip.framework/Versions/A/StreamingZip
0x000000001f351000 	/System/Library/Frameworks/MediaToolbox.framework/Versions/A/MediaToolbox
0x000000001f351000 	/System/Library/PrivateFrameworks/CoreAVCHD.framework/Versions/A/CoreAVCHD
0x000000001f351000 	/System/Library/Frameworks/MediaAccessibility.framework/Versions/A/MediaAccessibility
0x000000001f351000 	/System/Library/PrivateFrameworks/Mangrove.framework/Versions/A/Mangrove
0x000000001f351000 	/System/Library/Frameworks/CoreMedia.framework/Versions/A/CoreMedia
0x000000001f351000 	/System/Library/Frameworks/VideoToolbox.framework/Versions/A/VideoToolbox
0x000000001f351000 	/System/Library/PrivateFrameworks/CoreAUC.framework/Versions/A/CoreAUC
0x000000001f351000 	/usr/lib/libspindump.dylib
0x000000001f351000 	/System/Library/PrivateFrameworks/AppleVA.framework/Versions/A/AppleVA
0x000000001f351000 	/System/Library/Frameworks/Accelerate.framework/Versions/A/Frameworks/vImage.framework/Versions/A/Libraries/libCGInterfaces.dylib
0x000000001f351000 	/System/Library/Frameworks/ApplicationServices.framework/Versions/A/Frameworks/ATS.framework/Versions/A/Resources/libTrueTypeScaler.dylib
0x000000001f351000 	/System/Library/Extensions/AppleIntelBDWGraphicsMTLDriver.bundle/Contents/MacOS/AppleIntelBDWGraphicsMTLDriver
0x000000001f351000 	/System/Library/PrivateFrameworks/GPUCompiler.framework/Versions/3802/Libraries/libmetal_timestamp.dylib
0x000000001f351000 	/System/Library/PrivateFrameworks/FamilyControls.framework/Versions/A/FamilyControls
0x000000001f351000 	/System/Library/PrivateFrameworks/CommerceKit.framework/Versions/A/Frameworks/CommerceCore.framework/Versions/A/CommerceCore
0x000000001f351000 	/System/Library/PrivateFrameworks/SystemAdministration.framework/Versions/A/SystemAdministration
0x000000001f351000 	/System/Library/PrivateFrameworks/AppContainer.framework/Versions/A/AppContainer
0x000000001f351000 	/System/Library/PrivateFrameworks/SecCodeWrapper.framework/Versions/A/SecCodeWrapper
0x000000001f351000 	/System/Library/PrivateFrameworks/DiskManagement.framework/Versions/A/DiskManagement
0x000000001f351000 	/System/Library/Frameworks/DirectoryService.framework/Versions/A/DirectoryService
0x000000001f351000 	/System/Library/PrivateFrameworks/DiskImages.framework/Versions/A/DiskImages
0x000000001f351000 	/System/Library/PrivateFrameworks/LoginUIKit.framework/Versions/A/Frameworks/LoginUICore.framework/Versions/A/LoginUICore
0x000000001f351000 	/usr/lib/libCoreStorage.dylib
0x000000001f351000 	/usr/lib/libcsfde.dylib
0x000000001f351000 	/usr/lib/libodfde.dylib
0x000000001f351000 	/System/Library/PrivateFrameworks/MediaKit.framework/Versions/A/MediaKit
0x000000001f351000 	/System/Library/Frameworks/DiscRecording.framework/Versions/A/DiscRecording
0x000000001f351000 	/System/Library/PrivateFrameworks/EFILogin.framework/Versions/A/EFILogin
0x000000001f351000 	/System/Library/PrivateFrameworks/ProtectedCloudStorage.framework/Versions/A/ProtectedCloudStorage
0x000000001f351000 	/usr/lib/libcurl.4.dylib
0x000000001f351000 	/usr/lib/libcrypto.35.dylib
0x000000001f351000 	/usr/lib/libssl.35.dylib
0x000000001f351000 	/System/Library/Frameworks/LDAP.framework/Versions/A/LDAP
0x000000001f351000 	/System/Library/PrivateFrameworks/TrustEvaluationAgent.framework/Versions/A/TrustEvaluationAgent
0x000000001f351000 	/usr/lib/libsasl2.2.dylib
0x000000001f351000 	/System/Library/PrivateFrameworks/CoreDaemon.framework/Versions/B/CoreDaemon
0x000000001f351000 	/System/Library/PrivateFrameworks/AppleSRP.framework/Versions/A/AppleSRP
0x000000001f351000 	/System/Library/Frameworks/OpenGL.framework/Versions/A/Resources/GLEngine.bundle/GLEngine
0x000000001f351000 	/System/Library/Frameworks/OpenGL.framework/Versions/A/Libraries/libGLProgrammability.dylib
0x0000000125fb2000 	/System/Library/Extensions/AppleIntelBDWGraphicsGLDriver.bundle/Contents/MacOS/AppleIntelBDWGraphicsGLDriver
0x000000001f351000 	/System/Library/PrivateFrameworks/GPUSupport.framework/Versions/A/Libraries/libGPUSupportMercury.dylib
0x000000001f351000 	/System/Library/Frameworks/OpenGL.framework/Versions/A/Resources/GLRendererFloat.bundle/GLRendererFloat
0x000000001f351000 	/System/Library/Frameworks/OpenCL.framework/Versions/A/Libraries/libcldcpuengine.dylib
0x0000000126f48000 	/Library/Java/JavaVirtualMachines/jdk1.8.0_144.jdk/Contents/Home/jre/lib/libfontmanager.dylib
0x0000000126faf000 	/Library/Java/JavaVirtualMachines/jdk1.8.0_144.jdk/Contents/Home/jre/lib/libosxui.dylib
0x0000000127d75000 	/private/var/folders/_f/50hlkdyn1c95yd2np_ddygjr0000gn/T/1526826698637-libjSerialComm.jnilib
0x000000001f351000 	/System/Library/PrivateFrameworks/ViewBridge.framework/Versions/A/ViewBridge
0x0000000128014000 	/Library/Java/JavaVirtualMachines/jdk1.8.0_144.jdk/Contents/Home/jre/lib/libnet.dylib
0x0000000127e28000 	/Library/Java/JavaVirtualMachines/jdk1.8.0_144.jdk/Contents/Home/jre/lib/libnio.dylib
0x0000000123ae9000 	/Library/Java/JavaVirtualMachines/jdk1.8.0_144.jdk/Contents/Home/jre/lib/libdcpr.dylib

VM Arguments:
jvm_args: -Dfile.encoding=UTF-8 
java_command: sembscope.Graph
java_class_path (initial): /Library/Java/JavaVirtualMachines/jdk1.8.0_144.jdk/Contents/Home/jre/lib/resources.jar:/Library/Java/JavaVirtualMachines/jdk1.8.0_144.jdk/Contents/Home/jre/lib/rt.jar:/Library/Java/JavaVirtualMachines/jdk1.8.0_144.jdk/Contents/Home/jre/lib/jsse.jar:/Library/Java/JavaVirtualMachines/jdk1.8.0_144.jdk/Contents/Home/jre/lib/jce.jar:/Library/Java/JavaVirtualMachines/jdk1.8.0_144.jdk/Contents/Home/jre/lib/charsets.jar:/Library/Java/JavaVirtualMachines/jdk1.8.0_144.jdk/Contents/Home/jre/lib/jfr.jar:/Library/Java/JavaVirtualMachines/jdk1.8.0_144.jdk/Contents/Home/jre/lib/ext/sunec.jar:/Library/Java/JavaVirtualMachines/jdk1.8.0_144.jdk/Contents/Home/jre/lib/ext/nashorn.jar:/Library/Java/JavaVirtualMachines/jdk1.8.0_144.jdk/Contents/Home/jre/lib/ext/cldrdata.jar:/Library/Java/JavaVirtualMachines/jdk1.8.0_144.jdk/Contents/Home/jre/lib/ext/jfxrt.jar:/Library/Java/JavaVirtualMachines/jdk1.8.0_144.jdk/Contents/Home/jre/lib/ext/dnsns.jar:/Library/Java/JavaVirtualMachines/jdk1.8.0_144.jdk/Contents/Home/jre/lib/ext/localedata.jar:/Library/Java/JavaVirtualMachines/jdk1.8.0_144.jdk/Contents/Home/jre/lib/ext/sunjce_provider.jar:/Library/Java/JavaVirtualMachines/jdk1.8.0_144.jdk/Contents/Home/jre/lib/ext/sunpkcs11.jar:/Library/Java/JavaVirtualMachines/jdk1.8.0_144.jdk/Contents/Home/jre/lib/ext/jaccess.jar:/Library/Java/JavaVirtualMachines/jdk1.8.0_144.jdk/Contents/Home/jre/lib/ext/zipfs.jar:/System/Library/Java/Extensions/MRJToolkit.jar:/Users/icrto/eclipse-workspace/sembscope/bin:/Users/icrto/eclipse-workspace/sembscope/jcommon-1.0.23.jar:/Users/icrto/eclipse-workspace/sembscope/jfreechart-1.0.19.jar:/Users/icrto/eclipse-workspace/sembscope/jSerialComm-2.0.2.jar
Launcher Type: SUN_STANDARD

Environment Variables:
PATH=/usr/bin:/bin:/usr/sbin:/sbin
SHELL=/bin/bash
DISPLAY=/private/tmp/com.apple.launchd.XazjpumaGp/org.macosforge.xquartz:0

Signal Handlers:
SIGSEGV: [libjvm.dylib+0x5b26e5], sa_mask[0]=11111111011111110111111111111111, sa_flags=SA_ONSTACK|SA_RESTART|SA_SIGINFO
SIGBUS: [libjvm.dylib+0x5b26e5], sa_mask[0]=11111111011111110111111111111111, sa_flags=SA_RESTART|SA_SIGINFO
SIGFPE: [libjvm.dylib+0x489100], sa_mask[0]=11111111011111110111111111111111, sa_flags=SA_RESTART|SA_SIGINFO
SIGPIPE: [libjvm.dylib+0x489100], sa_mask[0]=11111111011111110111111111111111, sa_flags=SA_RESTART|SA_SIGINFO
SIGXFSZ: [libjvm.dylib+0x489100], sa_mask[0]=11111111011111110111111111111111, sa_flags=SA_RESTART|SA_SIGINFO
SIGILL: [libjvm.dylib+0x489100], sa_mask[0]=11111111011111110111111111111111, sa_flags=SA_RESTART|SA_SIGINFO
SIGUSR1: SIG_DFL, sa_mask[0]=00000000000000000000000000000000, sa_flags=none
SIGUSR2: [libjvm.dylib+0x488c1e], sa_mask[0]=00100000000000000000000000000000, sa_flags=SA_RESTART|SA_SIGINFO
SIGHUP: [libjvm.dylib+0x4871f5], sa_mask[0]=11111111011111110111111111111111, sa_flags=SA_RESTART|SA_SIGINFO
SIGINT: [libjvm.dylib+0x4871f5], sa_mask[0]=11111111011111110111111111111111, sa_flags=SA_RESTART|SA_SIGINFO
SIGTERM: [libjvm.dylib+0x4871f5], sa_mask[0]=11111111011111110111111111111111, sa_flags=SA_RESTART|SA_SIGINFO
SIGQUIT: [libjvm.dylib+0x4871f5], sa_mask[0]=11111111011111110111111111111111, sa_flags=SA_RESTART|SA_SIGINFO


---------------  S Y S T E M  ---------------

OS:Bsduname:Darwin 17.5.0 Darwin Kernel Version 17.5.0: Fri Apr 13 19:32:32 PDT 2018; root:xnu-4570.51.2~1/RELEASE_X86_64 x86_64
rlimit: STACK 8192k, CORE 0k, NPROC 709, NOFILE 10240, AS infinity
load average:1.97 1.80 1.83

CPU:total 4 (initial active 4) (2 cores per cpu, 2 threads per core) family 6 model 61 stepping 4, cmov, cx8, fxsr, mmx, sse, sse2, sse3, ssse3, sse4.1, sse4.2, popcnt, avx, avx2, aes, clmul, erms, 3dnowpref, lzcnt, ht, tsc, tscinvbit, bmi1, bmi2, adx

Memory: 4k page, physical 8388608k(18272k free)

/proc/meminfo:


vm_info: Java HotSpot(TM) 64-Bit Server VM (25.144-b01) for bsd-amd64 JRE (1.8.0_144-b01), built on Jul 21 2017 22:07:42 by "java_re" with gcc 4.2.1 (Based on Apple Inc. build 5658) (LLVM build 2336.11.00)

time: Sun May 20 15:31:43 2018
elapsed time: 5 seconds (0d 0h 0m 5s)

