#
# A fatal error has been detected by the Java Runtime Environment:
#
#  SIGSEGV (0xb) at pc=0x00000001083225f7, pid=3343, tid=0x000000000001271f
#
# JRE version: Java(TM) SE Runtime Environment (8.0_144-b01) (build 1.8.0_144-b01)
# Java VM: Java HotSpot(TM) 64-Bit Server VM (25.144-b01 mixed mode bsd-amd64 compressed oops)
# Problematic frame:
# V  [libjvm.dylib+0x3225f7]  jni_SetByteArrayRegion+0x7c
#
# Failed to write core dump. Core dumps have been disabled. To enable core dumping, try "ulimit -c unlimited" before starting Java again
#
# If you would like to submit a bug report, please visit:
#   http://bugreport.java.com/bugreport/crash.jsp
#

---------------  T H R E A D  ---------------

Current thread (0x00007fbb9d088000):  JavaThread "Thread-0" [_thread_in_vm, id=75551, stack(0x0000700004fe4000,0x00007000050e4000)]

siginfo: si_signo: 11 (SIGSEGV), si_code: 1 (SEGV_MAPERR), si_addr: 0x0000000000000000

Registers:
RAX=0x0000000000000001, RBX=0x0000000000000001, RCX=0x0000000000000001, RDX=0x0000000000000000
RSP=0x00007000050e3650, RBP=0x00007000050e36b0, RSI=0x0000000000000000, RDI=0x00007fbb9d0881f8
R8 =0x00007fbba0a906d0, R9 =0x0000000796869668, R10=0x000000000000001c, R11=0x0000000000000206
R12=0x0000000000000000, R13=0x00007fbb9d088000, R14=0x0000000000000000, R15=0x0000000000000000
RIP=0x00000001083225f7, EFLAGS=0x0000000000010202, ERR=0x0000000000000004
  TRAPNO=0x000000000000000e

Top of Stack: (sp=0x00007000050e3650)
0x00007000050e3650:   00007fbba0a906d0 00007fbb9d088000
0x00007000050e3660:   0000000000000000 0000000000000001
0x00007000050e3670:   000000000000001c 00007fbb9d088000
0x00007000050e3680:   00007fbb9d088000 0000000124b17880
0x00007000050e3690:   0000000000000000 0000000124b17880
0x00007000050e36a0:   00007000050e3880 00007fbb9d088000
0x00007000050e36b0:   00007000050e37b0 0000000124cba46f
0x00007000050e36c0:   0000700000000004 00007fbb9bd91230
0x00007000050e36d0:   0000000400000000 0000000000000008
0x00007000050e36e0:   0000000124b17880 00007fbb9d088000
0x00007000050e36f0:   00007000050e38c8 0000000124b17880
0x00007000050e3700:   00007000050e3750 0000000000000005
0x00007000050e3710:   00007000050e3730 00000001081f368e
0x00007000050e3720:   0000000124b17880 0000000124b17880
0x00007000050e3730:   00007000050e37a0 000000010a9b98e0
0x00007000050e3740:   0000000124b17880 00007fbb9d088000
0x00007000050e3750:   00007fbb9d088000 0000000124b17880
0x00007000050e3760:   00007fbba0a906d0 0000000124b17880
0x00007000050e3770:   0000000100000001 0001000000000000
0x00007000050e3780:   0000000000000001 0000000000000000
0x00007000050e3790:   000000000000001c 00007000050e3880
0x00007000050e37a0:   00007fbb9d0881f8 000000010a967892
0x00007000050e37b0:   00007000050e3838 000000010a9679f4
0x00007000050e37c0:   00007fbb9d088000 00007fbb9d088000
0x00007000050e37d0:   0000000124b17880 00007000050e3880
0x00007000050e37e0:   00007000050e3838 000000010a967787
0x00007000050e37f0:   000000010a967742 00007000050e37f8
0x00007000050e3800:   0000000124b17880 00007000050e3880
0x00007000050e3810:   0000000124b1baf0 0000000000000000
0x00007000050e3820:   0000000124b17880 0000000000000000
0x00007000050e3830:   00007000050e3858 00007000050e38c8
0x00007000050e3840:   000000010a957d00 0000000000000000 

Instructions: (pc=0x00000001083225f7)
0x00000001083225d7:   00 4c 89 e7 4d 63 e6 48 63 cb 4c 89 fe 4c 89 e2
0x00000001083225e7:   4c 8b 45 a0 90 0f 1f 40 00 89 d8 44 09 f0 78 3c
0x00000001083225f7:   49 8b 07 41 01 de 48 8d 0d b0 70 5c 00 8a 11 84
0x0000000108322607:   d2 0f 94 c1 0f b6 c9 44 3b 74 88 0c 77 1e 85 db 

Register to memory mapping:

RAX=0x0000000000000001 is an unknown value
RBX=0x0000000000000001 is an unknown value
RCX=0x0000000000000001 is an unknown value
RDX=0x0000000000000000 is an unknown value
RSP=0x00007000050e3650 is pointing into the stack for thread: 0x00007fbb9d088000
RBP=0x00007000050e36b0 is pointing into the stack for thread: 0x00007fbb9d088000
RSI=0x0000000000000000 is an unknown value
RDI=0x00007fbb9d0881f8 is an unknown value
R8 =0x00007fbba0a906d0 is an unknown value
R9 =0x0000000796869668 is an oop
com.fazecast.jSerialComm.SerialPort 
 - klass: 'com/fazecast/jSerialComm/SerialPort'
R10=0x000000000000001c is an unknown value
R11=0x0000000000000206 is an unknown value
R12=0x0000000000000000 is an unknown value
R13=0x00007fbb9d088000 is a thread
R14=0x0000000000000000 is an unknown value
R15=0x0000000000000000 is an unknown value


Stack: [0x0000700004fe4000,0x00007000050e4000],  sp=0x00007000050e3650,  free space=1021k
Native frames: (J=compiled Java code, j=interpreted, Vv=VM code, C=native code)
V  [libjvm.dylib+0x3225f7]  jni_SetByteArrayRegion+0x7c
C  [1526827000908-libjSerialComm.jnilib+0x346f]  Java_com_fazecast_jSerialComm_SerialPort_readBytes+0x63f
j  com.fazecast.jSerialComm.SerialPort.readBytes(J[BJ)I+0
j  com.fazecast.jSerialComm.SerialPort.readBytes([BJ)I+7
j  sembscope.Graph$1$1.run()V+20
v  ~StubRoutines::call_stub
V  [libjvm.dylib+0x2ee70a]  JavaCalls::call_helper(JavaValue*, methodHandle*, JavaCallArguments*, Thread*)+0x6ae
V  [libjvm.dylib+0x2eeeae]  JavaCalls::call_virtual(JavaValue*, KlassHandle, Symbol*, Symbol*, JavaCallArguments*, Thread*)+0x164
V  [libjvm.dylib+0x2ef05a]  JavaCalls::call_virtual(JavaValue*, Handle, KlassHandle, Symbol*, Symbol*, Thread*)+0x4a
V  [libjvm.dylib+0x3497b1]  thread_entry(JavaThread*, Thread*)+0x7c
V  [libjvm.dylib+0x56c0b3]  JavaThread::thread_main_inner()+0x9b
V  [libjvm.dylib+0x56d7a0]  JavaThread::run()+0x1c2
V  [libjvm.dylib+0x48baee]  java_start(Thread*)+0xf6
C  [libsystem_pthread.dylib+0x3661]  _pthread_body+0x154
C  [libsystem_pthread.dylib+0x350d]  _pthread_body+0x0
C  [libsystem_pthread.dylib+0x2bf9]  thread_start+0xd
C  0x0000000000000000

Java frames: (J=compiled Java code, j=interpreted, Vv=VM code)
j  com.fazecast.jSerialComm.SerialPort.readBytes(J[BJ)I+0
j  com.fazecast.jSerialComm.SerialPort.readBytes([BJ)I+7
j  sembscope.Graph$1$1.run()V+20
v  ~StubRoutines::call_stub

---------------  P R O C E S S  ---------------

Java Threads: ( => current thread )
=>0x00007fbb9d088000 JavaThread "Thread-0" [_thread_in_vm, id=75551, stack(0x0000700004fe4000,0x00007000050e4000)]
  0x00007fbb9cc06800 JavaThread "TimerQueue" daemon [_thread_blocked, id=56843, stack(0x0000700004ee1000,0x0000700004fe1000)]
  0x00007fbb9c264800 JavaThread "DestroyJavaVM" [_thread_blocked, id=6147, stack(0x0000700003a9f000,0x0000700003b9f000)]
  0x00007fbb9c961800 JavaThread "AWT-EventQueue-0" [_thread_blocked, id=52527, stack(0x0000700004cd8000,0x0000700004dd8000)]
  0x00007fbb9c1d1000 JavaThread "Java2D Disposer" daemon [_thread_blocked, id=48915, stack(0x0000700004bd5000,0x0000700004cd5000)]
  0x00007fbb9c98c000 JavaThread "Java2D Queue Flusher" daemon [_thread_blocked, id=45327, stack(0x0000700004ad2000,0x0000700004bd2000)]
  0x00007fbb9c0b1000 JavaThread "AWT-Shutdown" [_thread_blocked, id=38443, stack(0x000070000494c000,0x0000700004a4c000)]
  0x00007fbb9c873000 JavaThread "AppKit Thread" daemon [_thread_in_native, id=775, stack(0x00007ffee7cbb000,0x00007ffee84bb000)]
  0x00007fbb9c071000 JavaThread "Service Thread" daemon [_thread_blocked, id=16387, stack(0x00007000046c3000,0x00007000047c3000)]
  0x00007fbb9d829000 JavaThread "C1 CompilerThread2" daemon [_thread_blocked, id=16899, stack(0x00007000045c0000,0x00007000046c0000)]
  0x00007fbb9d828000 JavaThread "C2 CompilerThread1" daemon [_thread_blocked, id=17411, stack(0x00007000044bd000,0x00007000045bd000)]
  0x00007fbb9d826800 JavaThread "C2 CompilerThread0" daemon [_thread_blocked, id=17923, stack(0x00007000043ba000,0x00007000044ba000)]
  0x00007fbb9d823000 JavaThread "Signal Dispatcher" daemon [_thread_blocked, id=13067, stack(0x00007000042b7000,0x00007000043b7000)]
  0x00007fbb9d820000 JavaThread "Finalizer" daemon [_thread_blocked, id=11267, stack(0x00007000041b4000,0x00007000042b4000)]
  0x00007fbb9d041800 JavaThread "Reference Handler" daemon [_thread_blocked, id=20227, stack(0x00007000040b1000,0x00007000041b1000)]

Other Threads:
  0x00007fbb9d03e800 VMThread [stack: 0x0000700003fae000,0x00007000040ae000] [id=20739]
  0x00007fbb9c00e000 WatcherThread [stack: 0x00007000047c6000,0x00007000048c6000] [id=13315]

VM state:not at safepoint (normal execution)

VM Mutex/Monitor currently owned by a thread: None

Heap:
 PSYoungGen      total 38400K, used 21046K [0x0000000795580000, 0x0000000798000000, 0x00000007c0000000)
  eden space 33280K, 63% used [0x0000000795580000,0x0000000796a0d8f8,0x0000000797600000)
  from space 5120K, 0% used [0x0000000797b00000,0x0000000797b00000,0x0000000798000000)
  to   space 5120K, 0% used [0x0000000797600000,0x0000000797600000,0x0000000797b00000)
 ParOldGen       total 87552K, used 0K [0x0000000740000000, 0x0000000745580000, 0x0000000795580000)
  object space 87552K, 0% used [0x0000000740000000,0x0000000740000000,0x0000000745580000)
 Metaspace       used 15352K, capacity 15798K, committed 16000K, reserved 1062912K
  class space    used 1973K, capacity 2114K, committed 2176K, reserved 1048576K

Card table byte_map: [0x00000001093a7000,0x00000001097a8000] byte_map_base: 0x00000001059a7000

Marking Bits: (ParMarkBitMap*) 0x00000001088f35d0
 Begin Bits: [0x0000000119950000, 0x000000011b950000)
 End Bits:   [0x000000011b950000, 0x000000011d950000)

Polling page: 0x00000001077c1000

CodeCache: size=245760Kb used=3757Kb max_used=3757Kb free=242002Kb
 bounds [0x000000010a950000, 0x000000010ad00000, 0x0000000119950000]
 total_blobs=1703 nmethods=1089 adapters=528
 compilation: enabled

Compilation events (10 events):
Event: 4.625 Thread 0x00007fbb9d829000 1077       3       sun.lwawt.macosx.LWCToolkit::getPlatformWindowUnderMouse (4 bytes)
Event: 4.625 Thread 0x00007fbb9d829000 nmethod 1077 0x000000010acf31d0 code [0x000000010acf3340, 0x000000010acf34c8]
Event: 4.630 Thread 0x00007fbb9d829000 1079       3       sun.lwawt.LWWindowPeer::generateMouseEnterExitEventsForComponents (141 bytes)
Event: 4.632 Thread 0x00007fbb9d829000 nmethod 1079 0x000000010acf3550 code [0x000000010acf3760, 0x000000010acf49d8]
Event: 4.691 Thread 0x00007fbb9d829000 1080       3       sun.java2d.pipe.Region::getInstance (20 bytes)
Event: 4.691 Thread 0x00007fbb9d829000 nmethod 1080 0x000000010acf5290 code [0x000000010acf5420, 0x000000010acf5910]
Event: 5.125 Thread 0x00007fbb9d829000 1081   !   3       sun.lwawt.LWComponentPeer::getRegion (36 bytes)
Event: 5.125 Thread 0x00007fbb9d829000 nmethod 1081 0x000000010acf5bd0 code [0x000000010acf5da0, 0x000000010acf6958]
Event: 5.136 Thread 0x00007fbb9d829000 1082       3       sun.java2d.pipe.Region::contains (161 bytes)
Event: 5.137 Thread 0x00007fbb9d829000 nmethod 1082 0x000000010acf6e50 code [0x000000010acf7000, 0x000000010acf75d0]

GC Heap History (0 events):
No events

Deoptimization events (5 events):
Event: 2.200 Thread 0x00007fbb9d000800 Uncommon trap: reason=unstable_if action=reinterpret pc=0x000000010ab3d6dc method=java.lang.String.toLowerCase(Ljava/util/Locale;)Ljava/lang/String; @ 22
Event: 2.322 Thread 0x00007fbb9d000800 Uncommon trap: reason=unstable_if action=reinterpret pc=0x000000010ab6f14c method=java.lang.String.replace(CC)Ljava/lang/String; @ 26
Event: 3.270 Thread 0x00007fbb9c961800 Uncommon trap: reason=class_check action=maybe_recompile pc=0x000000010aac9cdc method=java.lang.String.equals(Ljava/lang/Object;)Z @ 8
Event: 3.358 Thread 0x00007fbb9c961800 Uncommon trap: reason=class_check action=maybe_recompile pc=0x000000010aac9cdc method=java.lang.String.equals(Ljava/lang/Object;)Z @ 8
Event: 4.307 Thread 0x00007fbb9c961800 Uncommon trap: reason=class_check action=maybe_recompile pc=0x000000010aac9cdc method=java.lang.String.equals(Ljava/lang/Object;)Z @ 8

Internal exceptions (10 events):
Event: 0.059 Thread 0x00007fbb9d000800 Exception <a 'java/lang/NoSuchMethodError': Method sun.misc.Unsafe.defineClass(Ljava/lang/String;[BII)Ljava/lang/Class; name or signature does not match> (0x0000000795587ca8) thrown at [/Users/java_re/workspace/8-2-build-macosx-x86_64/jdk8u144/9417/hotspo
Event: 0.059 Thread 0x00007fbb9d000800 Exception <a 'java/lang/NoSuchMethodError': Method sun.misc.Unsafe.prefetchRead(Ljava/lang/Object;J)V name or signature does not match> (0x0000000795587f90) thrown at [/Users/java_re/workspace/8-2-build-macosx-x86_64/jdk8u144/9417/hotspot/src/share/vm/pri
Event: 0.211 Thread 0x00007fbb9d000800 Exception <a 'java/security/PrivilegedActionException'> (0x000000079572ca38) thrown at [/Users/java_re/workspace/8-2-build-macosx-x86_64/jdk8u144/9417/hotspot/src/share/vm/prims/jvm.cpp, line 1390]
Event: 0.211 Thread 0x00007fbb9d000800 Exception <a 'java/security/PrivilegedActionException'> (0x000000079572cc48) thrown at [/Users/java_re/workspace/8-2-build-macosx-x86_64/jdk8u144/9417/hotspot/src/share/vm/prims/jvm.cpp, line 1390]
Event: 0.211 Thread 0x00007fbb9d000800 Exception <a 'java/security/PrivilegedActionException'> (0x000000079572ff78) thrown at [/Users/java_re/workspace/8-2-build-macosx-x86_64/jdk8u144/9417/hotspot/src/share/vm/prims/jvm.cpp, line 1390]
Event: 0.211 Thread 0x00007fbb9d000800 Exception <a 'java/security/PrivilegedActionException'> (0x0000000795730188) thrown at [/Users/java_re/workspace/8-2-build-macosx-x86_64/jdk8u144/9417/hotspot/src/share/vm/prims/jvm.cpp, line 1390]
Event: 0.266 Thread 0x00007fbb9d000800 Exception <a 'java/lang/NoSuchFieldError': method resolution failed> (0x00000007957fd410) thrown at [/Users/java_re/workspace/8-2-build-macosx-x86_64/jdk8u144/9417/hotspot/src/share/vm/prims/methodHandles.cpp, line 1146]
Event: 0.268 Thread 0x00007fbb9d000800 Exception <a 'java/lang/NoSuchFieldError': method resolution failed> (0x000000079580abe0) thrown at [/Users/java_re/workspace/8-2-build-macosx-x86_64/jdk8u144/9417/hotspot/src/share/vm/prims/methodHandles.cpp, line 1146]
Event: 0.520 Thread 0x00007fbb9d000800 Exception <a 'java/io/FileNotFoundException'> (0x0000000795885550) thrown at [/Users/java_re/workspace/8-2-build-macosx-x86_64/jdk8u144/9417/hotspot/src/share/vm/prims/jni.cpp, line 709]
Event: 0.520 Thread 0x00007fbb9d000800 Exception <a 'java/io/FileNotFoundException'> (0x00000007958860b8) thrown at [/Users/java_re/workspace/8-2-build-macosx-x86_64/jdk8u144/9417/hotspot/src/share/vm/prims/jni.cpp, line 709]

Events (10 events):
Event: 4.312 loading class javax/swing/JList$ListSelectionHandler done
Event: 4.312 loading class javax/swing/JComboBox$AccessibleJComboBox$AccessibleJComboBoxPopupMenuListener
Event: 4.312 loading class javax/swing/JComboBox$AccessibleJComboBox$AccessibleJComboBoxPopupMenuListener done
Event: 4.312 loading class javax/accessibility/AccessibleState
Event: 4.312 loading class javax/accessibility/AccessibleBundle
Event: 4.312 loading class javax/accessibility/AccessibleBundle done
Event: 4.312 loading class javax/accessibility/AccessibleState done
Event: 4.596 loading class javax/swing/Timer$1
Event: 4.596 loading class javax/swing/Timer$1 done
Event: 5.421 Thread 0x00007fbb9d088000 Thread added: 0x00007fbb9d088000


Dynamic libraries:
0x000000001f351000 	/System/Library/Frameworks/Cocoa.framework/Versions/A/Cocoa
0x000000001f351000 	/System/Library/Frameworks/Security.framework/Versions/A/Security
0x000000001f351000 	/System/Library/Frameworks/ApplicationServices.framework/Versions/A/ApplicationServices
0x000000001f351000 	/usr/lib/libz.1.dylib
0x000000001f351000 	/usr/lib/libSystem.B.dylib
0x000000001f351000 	/usr/lib/libobjc.A.dylib
0x000000001f351000 	/System/Library/Frameworks/CoreFoundation.framework/Versions/A/CoreFoundation
0x000000001f351000 	/System/Library/Frameworks/Foundation.framework/Versions/C/Foundation
0x000000001f351000 	/System/Library/Frameworks/AppKit.framework/Versions/C/AppKit
0x000000001f351000 	/System/Library/Frameworks/CoreData.framework/Versions/A/CoreData
0x000000001f351000 	/System/Library/PrivateFrameworks/RemoteViewServices.framework/Versions/A/RemoteViewServices
0x000000001f351000 	/System/Library/PrivateFrameworks/UIFoundation.framework/Versions/A/UIFoundation
0x000000001f351000 	/System/Library/PrivateFrameworks/DFRFoundation.framework/Versions/A/DFRFoundation
0x000000001f351000 	/System/Library/Frameworks/Metal.framework/Versions/A/Metal
0x000000001f351000 	/System/Library/PrivateFrameworks/DesktopServicesPriv.framework/Versions/A/DesktopServicesPriv
0x000000001f351000 	/usr/lib/libenergytrace.dylib
0x000000001f351000 	/System/Library/PrivateFrameworks/SkyLight.framework/Versions/A/SkyLight
0x000000001f351000 	/System/Library/Frameworks/CoreGraphics.framework/Versions/A/CoreGraphics
0x000000001f351000 	/usr/lib/libScreenReader.dylib
0x000000001f351000 	/System/Library/Frameworks/Accelerate.framework/Versions/A/Accelerate
0x000000001f351000 	/System/Library/Frameworks/IOSurface.framework/Versions/A/IOSurface
0x000000001f351000 	/System/Library/Frameworks/AudioToolbox.framework/Versions/A/AudioToolbox
0x000000001f351000 	/System/Library/Frameworks/AudioUnit.framework/Versions/A/AudioUnit
0x000000001f351000 	/System/Library/PrivateFrameworks/DataDetectorsCore.framework/Versions/A/DataDetectorsCore
0x000000001f351000 	/System/Library/Frameworks/Carbon.framework/Versions/A/Frameworks/HIToolbox.framework/Versions/A/HIToolbox
0x000000001f351000 	/usr/lib/libicucore.A.dylib
0x000000001f351000 	/System/Library/Frameworks/QuartzCore.framework/Versions/A/QuartzCore
0x000000001f351000 	/System/Library/PrivateFrameworks/SignpostNotification.framework/Versions/A/SignpostNotification
0x000000001f351000 	/System/Library/Frameworks/Carbon.framework/Versions/A/Frameworks/SpeechRecognition.framework/Versions/A/SpeechRecognition
0x000000001f351000 	/usr/lib/libauto.dylib
0x000000001f351000 	/usr/lib/libxml2.2.dylib
0x000000001f351000 	/System/Library/PrivateFrameworks/CoreUI.framework/Versions/A/CoreUI
0x000000001f351000 	/System/Library/Frameworks/CoreAudio.framework/Versions/A/CoreAudio
0x000000001f351000 	/System/Library/Frameworks/DiskArbitration.framework/Versions/A/DiskArbitration
0x000000001f351000 	/usr/lib/liblangid.dylib
0x000000001f351000 	/System/Library/PrivateFrameworks/MultitouchSupport.framework/Versions/A/MultitouchSupport
0x000000001f351000 	/System/Library/Frameworks/IOKit.framework/Versions/A/IOKit
0x000000001f351000 	/usr/lib/libDiagnosticMessagesClient.dylib
0x000000001f351000 	/System/Library/Frameworks/CoreServices.framework/Versions/A/CoreServices
0x000000001f351000 	/System/Library/PrivateFrameworks/PerformanceAnalysis.framework/Versions/A/PerformanceAnalysis
0x000000001f351000 	/System/Library/Frameworks/OpenGL.framework/Versions/A/OpenGL
0x000000001f351000 	/System/Library/Frameworks/ColorSync.framework/Versions/A/ColorSync
0x000000001f351000 	/System/Library/Frameworks/CoreImage.framework/Versions/A/CoreImage
0x000000001f351000 	/System/Library/Frameworks/CoreText.framework/Versions/A/CoreText
0x000000001f351000 	/System/Library/Frameworks/ImageIO.framework/Versions/A/ImageIO
0x000000001f351000 	/System/Library/PrivateFrameworks/Backup.framework/Versions/A/Backup
0x000000001f351000 	/usr/lib/libarchive.2.dylib
0x000000001f351000 	/System/Library/Frameworks/CFNetwork.framework/Versions/A/CFNetwork
0x000000001f351000 	/System/Library/Frameworks/SystemConfiguration.framework/Versions/A/SystemConfiguration
0x000000001f351000 	/usr/lib/libCRFSuite.dylib
0x000000001f351000 	/usr/lib/libc++.1.dylib
0x000000001f351000 	/usr/lib/libc++abi.dylib
0x000000001f351000 	/usr/lib/system/libcache.dylib
0x000000001f351000 	/usr/lib/system/libcommonCrypto.dylib
0x000000001f351000 	/usr/lib/system/libcompiler_rt.dylib
0x000000001f351000 	/usr/lib/system/libcopyfile.dylib
0x000000001f351000 	/usr/lib/system/libcorecrypto.dylib
0x000000001f351000 	/usr/lib/system/libdispatch.dylib
0x000000001f351000 	/usr/lib/system/libdyld.dylib
0x000000001f351000 	/usr/lib/system/libkeymgr.dylib
0x000000001f351000 	/usr/lib/system/liblaunch.dylib
0x000000001f351000 	/usr/lib/system/libmacho.dylib
0x000000001f351000 	/usr/lib/system/libquarantine.dylib
0x000000001f351000 	/usr/lib/system/libremovefile.dylib
0x000000001f351000 	/usr/lib/system/libsystem_asl.dylib
0x000000001f351000 	/usr/lib/system/libsystem_blocks.dylib
0x000000001f351000 	/usr/lib/system/libsystem_c.dylib
0x000000001f351000 	/usr/lib/system/libsystem_configuration.dylib
0x000000001f351000 	/usr/lib/system/libsystem_coreservices.dylib
0x000000001f351000 	/usr/lib/system/libsystem_darwin.dylib
0x000000001f351000 	/usr/lib/system/libsystem_dnssd.dylib
0x000000001f351000 	/usr/lib/system/libsystem_info.dylib
0x000000001f351000 	/usr/lib/system/libsystem_m.dylib
0x000000001f351000 	/usr/lib/system/libsystem_malloc.dylib
0x000000001f351000 	/usr/lib/system/libsystem_network.dylib
0x000000001f351000 	/usr/lib/system/libsystem_networkextension.dylib
0x000000001f351000 	/usr/lib/system/libsystem_notify.dylib
0x000000001f351000 	/usr/lib/system/libsystem_sandbox.dylib
0x000000001f351000 	/usr/lib/system/libsystem_secinit.dylib
0x000000001f351000 	/usr/lib/system/libsystem_kernel.dylib
0x000000001f351000 	/usr/lib/system/libsystem_platform.dylib
0x000000001f351000 	/usr/lib/system/libsystem_pthread.dylib
0x000000001f351000 	/usr/lib/system/libsystem_symptoms.dylib
0x000000001f351000 	/usr/lib/system/libsystem_trace.dylib
0x000000001f351000 	/usr/lib/system/libunwind.dylib
0x000000001f351000 	/usr/lib/system/libxpc.dylib
0x000000001f351000 	/usr/lib/closure/libclosured.dylib
0x000000001f351000 	/usr/lib/libbsm.0.dylib
0x000000001f351000 	/usr/lib/system/libkxld.dylib
0x000000001f351000 	/usr/lib/libOpenScriptingUtil.dylib
0x000000001f351000 	/usr/lib/libcoretls.dylib
0x000000001f351000 	/usr/lib/libcoretls_cfhelpers.dylib
0x000000001f351000 	/usr/lib/libpam.2.dylib
0x000000001f351000 	/usr/lib/libsqlite3.dylib
0x000000001f351000 	/usr/lib/libxar.1.dylib
0x000000001f351000 	/usr/lib/libbz2.1.0.dylib
0x000000001f351000 	/usr/lib/liblzma.5.dylib
0x000000001f351000 	/usr/lib/libnetwork.dylib
0x000000001f351000 	/usr/lib/libapple_nghttp2.dylib
0x000000001f351000 	/usr/lib/libpcap.A.dylib
0x000000001f351000 	/usr/lib/libboringssl.dylib
0x000000001f351000 	/usr/lib/libusrtcp.dylib
0x000000001f351000 	/usr/lib/libapple_crypto.dylib
0x000000001f351000 	/System/Library/Frameworks/CoreServices.framework/Versions/A/Frameworks/FSEvents.framework/Versions/A/FSEvents
0x000000001f351000 	/System/Library/Frameworks/CoreServices.framework/Versions/A/Frameworks/CarbonCore.framework/Versions/A/CarbonCore
0x000000001f351000 	/System/Library/Frameworks/CoreServices.framework/Versions/A/Frameworks/Metadata.framework/Versions/A/Metadata
0x000000001f351000 	/System/Library/Frameworks/CoreServices.framework/Versions/A/Frameworks/OSServices.framework/Versions/A/OSServices
0x000000001f351000 	/System/Library/Frameworks/CoreServices.framework/Versions/A/Frameworks/SearchKit.framework/Versions/A/SearchKit
0x000000001f351000 	/System/Library/Frameworks/CoreServices.framework/Versions/A/Frameworks/AE.framework/Versions/A/AE
0x000000001f351000 	/System/Library/Frameworks/CoreServices.framework/Versions/A/Frameworks/LaunchServices.framework/Versions/A/LaunchServices
0x000000001f351000 	/System/Library/Frameworks/CoreServices.framework/Versions/A/Frameworks/DictionaryServices.framework/Versions/A/DictionaryServices
0x000000001f351000 	/System/Library/Frameworks/CoreServices.framework/Versions/A/Frameworks/SharedFileList.framework/Versions/A/SharedFileList
0x000000001f351000 	/System/Library/Frameworks/NetFS.framework/Versions/A/NetFS
0x000000001f351000 	/System/Library/PrivateFrameworks/NetAuth.framework/Versions/A/NetAuth
0x000000001f351000 	/System/Library/PrivateFrameworks/login.framework/Versions/A/Frameworks/loginsupport.framework/Versions/A/loginsupport
0x000000001f351000 	/System/Library/PrivateFrameworks/TCC.framework/Versions/A/TCC
0x000000001f351000 	/usr/lib/libmecabra.dylib
0x000000001f351000 	/System/Library/Frameworks/ApplicationServices.framework/Versions/A/Frameworks/ATS.framework/Versions/A/ATS
0x000000001f351000 	/System/Library/Frameworks/ApplicationServices.framework/Versions/A/Frameworks/ColorSyncLegacy.framework/Versions/A/ColorSyncLegacy
0x000000001f351000 	/System/Library/Frameworks/ApplicationServices.framework/Versions/A/Frameworks/HIServices.framework/Versions/A/HIServices
0x000000001f351000 	/System/Library/Frameworks/ApplicationServices.framework/Versions/A/Frameworks/LangAnalysis.framework/Versions/A/LangAnalysis
0x000000001f351000 	/System/Library/Frameworks/ApplicationServices.framework/Versions/A/Frameworks/PrintCore.framework/Versions/A/PrintCore
0x000000001f351000 	/System/Library/Frameworks/ApplicationServices.framework/Versions/A/Frameworks/QD.framework/Versions/A/QD
0x000000001f351000 	/System/Library/Frameworks/ApplicationServices.framework/Versions/A/Frameworks/SpeechSynthesis.framework/Versions/A/SpeechSynthesis
0x000000001f351000 	/System/Library/Frameworks/CoreDisplay.framework/Versions/A/CoreDisplay
0x000000001f351000 	/System/Library/Frameworks/Accelerate.framework/Versions/A/Frameworks/vImage.framework/Versions/A/vImage
0x000000001f351000 	/System/Library/Frameworks/Accelerate.framework/Versions/A/Frameworks/vecLib.framework/Versions/A/vecLib
0x000000001f351000 	/System/Library/Frameworks/Accelerate.framework/Versions/A/Frameworks/vecLib.framework/Versions/A/libvDSP.dylib
0x000000001f351000 	/System/Library/Frameworks/Accelerate.framework/Versions/A/Frameworks/vecLib.framework/Versions/A/libBNNS.dylib
0x000000001f351000 	/System/Library/Frameworks/Accelerate.framework/Versions/A/Frameworks/vecLib.framework/Versions/A/libQuadrature.dylib
0x000000001f351000 	/System/Library/Frameworks/Accelerate.framework/Versions/A/Frameworks/vecLib.framework/Versions/A/libvMisc.dylib
0x000000001f351000 	/System/Library/Frameworks/Accelerate.framework/Versions/A/Frameworks/vecLib.framework/Versions/A/libLAPACK.dylib
0x000000001f351000 	/System/Library/Frameworks/Accelerate.framework/Versions/A/Frameworks/vecLib.framework/Versions/A/libBLAS.dylib
0x000000001f351000 	/System/Library/Frameworks/Accelerate.framework/Versions/A/Frameworks/vecLib.framework/Versions/A/libLinearAlgebra.dylib
0x000000001f351000 	/System/Library/Frameworks/Accelerate.framework/Versions/A/Frameworks/vecLib.framework/Versions/A/libSparse.dylib
0x000000001f351000 	/System/Library/Frameworks/Accelerate.framework/Versions/A/Frameworks/vecLib.framework/Versions/A/libSparseBLAS.dylib
0x000000001f351000 	/System/Library/PrivateFrameworks/GPUWrangler.framework/Versions/A/GPUWrangler
0x000000001f351000 	/System/Library/PrivateFrameworks/IOAccelerator.framework/Versions/A/IOAccelerator
0x000000001f351000 	/System/Library/PrivateFrameworks/IOPresentment.framework/Versions/A/IOPresentment
0x000000001f351000 	/System/Library/PrivateFrameworks/DSExternalDisplay.framework/Versions/A/DSExternalDisplay
0x000000001f351000 	/System/Library/Frameworks/OpenGL.framework/Versions/A/Libraries/libCoreFSCache.dylib
0x000000001f351000 	/System/Library/Frameworks/CoreVideo.framework/Versions/A/CoreVideo
0x000000001f351000 	/System/Library/PrivateFrameworks/GraphVisualizer.framework/Versions/A/GraphVisualizer
0x000000001f351000 	/System/Library/Frameworks/MetalPerformanceShaders.framework/Versions/A/MetalPerformanceShaders
0x000000001f351000 	/usr/lib/libFosl_dynamic.dylib
0x000000001f351000 	/System/Library/PrivateFrameworks/FaceCore.framework/Versions/A/FaceCore
0x000000001f351000 	/System/Library/Frameworks/OpenCL.framework/Versions/A/OpenCL
0x000000001f351000 	/usr/lib/libcompression.dylib
0x000000001f351000 	/System/Library/Frameworks/ApplicationServices.framework/Versions/A/Frameworks/ATS.framework/Versions/A/Resources/libFontParser.dylib
0x000000001f351000 	/System/Library/Frameworks/ApplicationServices.framework/Versions/A/Frameworks/ATS.framework/Versions/A/Resources/libFontRegistry.dylib
0x000000001f351000 	/System/Library/Frameworks/ImageIO.framework/Versions/A/Resources/libJPEG.dylib
0x000000001f351000 	/System/Library/Frameworks/ImageIO.framework/Versions/A/Resources/libTIFF.dylib
0x000000001f351000 	/System/Library/Frameworks/ImageIO.framework/Versions/A/Resources/libPng.dylib
0x000000001f351000 	/System/Library/Frameworks/ImageIO.framework/Versions/A/Resources/libGIF.dylib
0x000000001f351000 	/System/Library/Frameworks/ImageIO.framework/Versions/A/Resources/libJP2.dylib
0x000000001f351000 	/System/Library/Frameworks/ImageIO.framework/Versions/A/Resources/libRadiance.dylib
0x000000001f351000 	/System/Library/PrivateFrameworks/AppleJPEG.framework/Versions/A/AppleJPEG
0x000000001f351000 	/System/Library/Frameworks/MetalPerformanceShaders.framework/Frameworks/MPSCore.framework/Versions/A/MPSCore
0x000000001f351000 	/System/Library/Frameworks/MetalPerformanceShaders.framework/Frameworks/MPSImage.framework/Versions/A/MPSImage
0x000000001f351000 	/System/Library/Frameworks/MetalPerformanceShaders.framework/Frameworks/MPSNeuralNetwork.framework/Versions/A/MPSNeuralNetwork
0x000000001f351000 	/System/Library/Frameworks/MetalPerformanceShaders.framework/Frameworks/MPSMatrix.framework/Versions/A/MPSMatrix
0x000000001f351000 	/System/Library/PrivateFrameworks/MetalTools.framework/Versions/A/MetalTools
0x000000001f351000 	/System/Library/Frameworks/OpenGL.framework/Versions/A/Libraries/libGLU.dylib
0x000000001f351000 	/System/Library/Frameworks/OpenGL.framework/Versions/A/Libraries/libGFXShared.dylib
0x000000001f351000 	/System/Library/Frameworks/OpenGL.framework/Versions/A/Libraries/libGL.dylib
0x000000001f351000 	/System/Library/Frameworks/OpenGL.framework/Versions/A/Libraries/libGLImage.dylib
0x000000001f351000 	/System/Library/Frameworks/OpenGL.framework/Versions/A/Libraries/libCVMSPluginSupport.dylib
0x000000001f351000 	/System/Library/Frameworks/OpenGL.framework/Versions/A/Libraries/libCoreVMClient.dylib
0x000000001f351000 	/usr/lib/libcups.2.dylib
0x000000001f351000 	/System/Library/Frameworks/Kerberos.framework/Versions/A/Kerberos
0x000000001f351000 	/System/Library/Frameworks/GSS.framework/Versions/A/GSS
0x000000001f351000 	/usr/lib/libresolv.9.dylib
0x000000001f351000 	/usr/lib/libiconv.2.dylib
0x000000001f351000 	/System/Library/PrivateFrameworks/Heimdal.framework/Versions/A/Heimdal
0x000000001f351000 	/usr/lib/libheimdal-asn1.dylib
0x000000001f351000 	/System/Library/Frameworks/OpenDirectory.framework/Versions/A/OpenDirectory
0x000000001f351000 	/System/Library/PrivateFrameworks/CommonAuth.framework/Versions/A/CommonAuth
0x000000001f351000 	/System/Library/Frameworks/OpenDirectory.framework/Versions/A/Frameworks/CFOpenDirectory.framework/Versions/A/CFOpenDirectory
0x000000001f351000 	/System/Library/Frameworks/SecurityFoundation.framework/Versions/A/SecurityFoundation
0x000000001f351000 	/System/Library/PrivateFrameworks/APFS.framework/Versions/A/APFS
0x000000001f351000 	/usr/lib/libutil.dylib
0x000000001f351000 	/System/Library/PrivateFrameworks/AppleSauce.framework/Versions/A/AppleSauce
0x000000001f351000 	/System/Library/PrivateFrameworks/LinguisticData.framework/Versions/A/LinguisticData
0x000000001f351000 	/usr/lib/libmarisa.dylib
0x000000001f351000 	/System/Library/PrivateFrameworks/Lexicon.framework/Versions/A/Lexicon
0x000000001f351000 	/usr/lib/libChineseTokenizer.dylib
0x000000001f351000 	/usr/lib/libcmph.dylib
0x000000001f351000 	/System/Library/PrivateFrameworks/LanguageModeling.framework/Versions/A/LanguageModeling
0x000000001f351000 	/System/Library/PrivateFrameworks/CoreEmoji.framework/Versions/A/CoreEmoji
0x000000001f351000 	/System/Library/Frameworks/ServiceManagement.framework/Versions/A/ServiceManagement
0x000000001f351000 	/System/Library/PrivateFrameworks/BackgroundTaskManagement.framework/Versions/A/BackgroundTaskManagement
0x000000001f351000 	/usr/lib/libxslt.1.dylib
0x000000001f351000 	/System/Library/Frameworks/Carbon.framework/Versions/A/Frameworks/Ink.framework/Versions/A/Ink
0x000000001f351000 	/System/Library/PrivateFrameworks/TextureIO.framework/Versions/A/TextureIO
0x000000001f351000 	/usr/lib/libate.dylib
0x000000001f351000 	/System/Library/PrivateFrameworks/CrashReporterSupport.framework/Versions/A/CrashReporterSupport
0x000000001f351000 	/System/Library/PrivateFrameworks/Sharing.framework/Versions/A/Sharing
0x000000001f351000 	/System/Library/PrivateFrameworks/IconServices.framework/Versions/A/IconServices
0x000000001f351000 	/System/Library/PrivateFrameworks/Apple80211.framework/Versions/A/Apple80211
0x000000001f351000 	/System/Library/PrivateFrameworks/CoreUtils.framework/Versions/A/CoreUtils
0x000000001f351000 	/System/Library/Frameworks/CoreWLAN.framework/Versions/A/CoreWLAN
0x000000001f351000 	/System/Library/Frameworks/IOBluetooth.framework/Versions/A/IOBluetooth
0x000000001f351000 	/System/Library/PrivateFrameworks/ProtocolBuffer.framework/Versions/A/ProtocolBuffer
0x000000001f351000 	/System/Library/PrivateFrameworks/CoreWiFi.framework/Versions/A/CoreWiFi
0x000000001f351000 	/System/Library/Frameworks/CoreBluetooth.framework/Versions/A/CoreBluetooth
0x000000001f351000 	/System/Library/PrivateFrameworks/DebugSymbols.framework/Versions/A/DebugSymbols
0x000000001f351000 	/System/Library/PrivateFrameworks/CoreSymbolication.framework/Versions/A/CoreSymbolication
0x000000001f351000 	/System/Library/PrivateFrameworks/Symbolication.framework/Versions/A/Symbolication
0x000000001f351000 	/System/Library/PrivateFrameworks/AppleFSCompression.framework/Versions/A/AppleFSCompression
0x000000001f351000 	/System/Library/PrivateFrameworks/SpeechRecognitionCore.framework/Versions/A/SpeechRecognitionCore
0x0000000108000000 	/Library/Java/JavaVirtualMachines/jdk1.8.0_144.jdk/Contents/Home/jre/lib/server/libjvm.dylib
0x000000001f351000 	/usr/lib/libstdc++.6.0.9.dylib
0x000000010777e000 	/Library/Java/JavaVirtualMachines/jdk1.8.0_144.jdk/Contents/Home/jre/lib/libverify.dylib
0x000000010778c000 	/Library/Java/JavaVirtualMachines/jdk1.8.0_144.jdk/Contents/Home/jre/lib/libjava.dylib
0x00000001077cb000 	/Library/Java/JavaVirtualMachines/jdk1.8.0_144.jdk/Contents/Home/jre/lib/libzip.dylib
0x000000001f351000 	/System/Library/Frameworks/JavaVM.framework/Versions/A/Frameworks/JavaRuntimeSupport.framework/Versions/A/JavaRuntimeSupport
0x000000001f351000 	/System/Library/Frameworks/JavaVM.framework/Versions/A/Frameworks/JavaNativeFoundation.framework/Versions/A/JavaNativeFoundation
0x000000001f351000 	/System/Library/Frameworks/JavaVM.framework/Versions/A/JavaVM
0x000000001f351000 	/System/Library/Frameworks/Carbon.framework/Versions/A/Carbon
0x000000001f351000 	/System/Library/PrivateFrameworks/JavaLaunching.framework/Versions/A/JavaLaunching
0x000000001f351000 	/System/Library/Frameworks/Carbon.framework/Versions/A/Frameworks/CommonPanels.framework/Versions/A/CommonPanels
0x000000001f351000 	/System/Library/Frameworks/Carbon.framework/Versions/A/Frameworks/Help.framework/Versions/A/Help
0x000000001f351000 	/System/Library/Frameworks/Carbon.framework/Versions/A/Frameworks/ImageCapture.framework/Versions/A/ImageCapture
0x000000001f351000 	/System/Library/Frameworks/Carbon.framework/Versions/A/Frameworks/OpenScripting.framework/Versions/A/OpenScripting
0x000000001f351000 	/System/Library/Frameworks/Carbon.framework/Versions/A/Frameworks/Print.framework/Versions/A/Print
0x000000001f351000 	/System/Library/Frameworks/Carbon.framework/Versions/A/Frameworks/SecurityHI.framework/Versions/A/SecurityHI
0x00000001203c7000 	/Library/Java/JavaVirtualMachines/jdk1.8.0_144.jdk/Contents/Home/jre/lib/libawt.dylib
0x000000012046f000 	/Library/Java/JavaVirtualMachines/jdk1.8.0_144.jdk/Contents/Home/jre/lib/./libmlib_image.dylib
0x000000012053b000 	/Library/Java/JavaVirtualMachines/jdk1.8.0_144.jdk/Contents/Home/jre/lib/libawt_lwawt.dylib
0x00000001205f2000 	/Library/Java/JavaVirtualMachines/jdk1.8.0_144.jdk/Contents/Home/jre/lib/./libosxapp.dylib
0x000000001f351000 	/System/Library/Frameworks/ExceptionHandling.framework/Versions/A/ExceptionHandling
0x000000001f351000 	/System/Library/PrivateFrameworks/CoreServicesInternal.framework/Versions/A/CoreServicesInternal
0x000000001f351000 	/System/Library/CoreServices/RawCamera.bundle/Contents/MacOS/RawCamera
0x000000001f351000 	/System/Library/PrivateFrameworks/MobileAsset.framework/Versions/A/MobileAsset
0x000000001f351000 	/System/Library/PrivateFrameworks/StreamingZip.framework/Versions/A/StreamingZip
0x000000001f351000 	/System/Library/Frameworks/MediaToolbox.framework/Versions/A/MediaToolbox
0x000000001f351000 	/System/Library/PrivateFrameworks/CoreAVCHD.framework/Versions/A/CoreAVCHD
0x000000001f351000 	/System/Library/Frameworks/MediaAccessibility.framework/Versions/A/MediaAccessibility
0x000000001f351000 	/System/Library/PrivateFrameworks/Mangrove.framework/Versions/A/Mangrove
0x000000001f351000 	/System/Library/Frameworks/CoreMedia.framework/Versions/A/CoreMedia
0x000000001f351000 	/System/Library/Frameworks/VideoToolbox.framework/Versions/A/VideoToolbox
0x000000001f351000 	/System/Library/PrivateFrameworks/CoreAUC.framework/Versions/A/CoreAUC
0x000000001f351000 	/usr/lib/libspindump.dylib
0x000000001f351000 	/System/Library/PrivateFrameworks/AppleVA.framework/Versions/A/AppleVA
0x000000001f351000 	/System/Library/Frameworks/Accelerate.framework/Versions/A/Frameworks/vImage.framework/Versions/A/Libraries/libCGInterfaces.dylib
0x000000001f351000 	/System/Library/Frameworks/ApplicationServices.framework/Versions/A/Frameworks/ATS.framework/Versions/A/Resources/libTrueTypeScaler.dylib
0x000000001f351000 	/System/Library/Extensions/AppleIntelBDWGraphicsMTLDriver.bundle/Contents/MacOS/AppleIntelBDWGraphicsMTLDriver
0x000000001f351000 	/System/Library/PrivateFrameworks/GPUCompiler.framework/Versions/3802/Libraries/libmetal_timestamp.dylib
0x000000001f351000 	/System/Library/PrivateFrameworks/FamilyControls.framework/Versions/A/FamilyControls
0x000000001f351000 	/System/Library/PrivateFrameworks/CommerceKit.framework/Versions/A/Frameworks/CommerceCore.framework/Versions/A/CommerceCore
0x000000001f351000 	/System/Library/PrivateFrameworks/SystemAdministration.framework/Versions/A/SystemAdministration
0x000000001f351000 	/System/Library/PrivateFrameworks/AppContainer.framework/Versions/A/AppContainer
0x000000001f351000 	/System/Library/PrivateFrameworks/SecCodeWrapper.framework/Versions/A/SecCodeWrapper
0x000000001f351000 	/System/Library/PrivateFrameworks/DiskManagement.framework/Versions/A/DiskManagement
0x000000001f351000 	/System/Library/Frameworks/DirectoryService.framework/Versions/A/DirectoryService
0x000000001f351000 	/System/Library/PrivateFrameworks/DiskImages.framework/Versions/A/DiskImages
0x000000001f351000 	/System/Library/PrivateFrameworks/LoginUIKit.framework/Versions/A/Frameworks/LoginUICore.framework/Versions/A/LoginUICore
0x000000001f351000 	/usr/lib/libCoreStorage.dylib
0x000000001f351000 	/usr/lib/libcsfde.dylib
0x000000001f351000 	/usr/lib/libodfde.dylib
0x000000001f351000 	/System/Library/PrivateFrameworks/MediaKit.framework/Versions/A/MediaKit
0x000000001f351000 	/System/Library/Frameworks/DiscRecording.framework/Versions/A/DiscRecording
0x000000001f351000 	/System/Library/PrivateFrameworks/EFILogin.framework/Versions/A/EFILogin
0x000000001f351000 	/System/Library/PrivateFrameworks/ProtectedCloudStorage.framework/Versions/A/ProtectedCloudStorage
0x000000001f351000 	/usr/lib/libcurl.4.dylib
0x000000001f351000 	/usr/lib/libcrypto.35.dylib
0x000000001f351000 	/usr/lib/libssl.35.dylib
0x000000001f351000 	/System/Library/Frameworks/LDAP.framework/Versions/A/LDAP
0x000000001f351000 	/System/Library/PrivateFrameworks/TrustEvaluationAgent.framework/Versions/A/TrustEvaluationAgent
0x000000001f351000 	/usr/lib/libsasl2.2.dylib
0x000000001f351000 	/System/Library/PrivateFrameworks/CoreDaemon.framework/Versions/B/CoreDaemon
0x000000001f351000 	/System/Library/PrivateFrameworks/AppleSRP.framework/Versions/A/AppleSRP
0x000000001f351000 	/System/Library/Frameworks/OpenGL.framework/Versions/A/Resources/GLEngine.bundle/GLEngine
0x000000001f351000 	/System/Library/Frameworks/OpenGL.framework/Versions/A/Libraries/libGLProgrammability.dylib
0x0000000122eed000 	/System/Library/Extensions/AppleIntelBDWGraphicsGLDriver.bundle/Contents/MacOS/AppleIntelBDWGraphicsGLDriver
0x000000001f351000 	/System/Library/PrivateFrameworks/GPUSupport.framework/Versions/A/Libraries/libGPUSupportMercury.dylib
0x000000001f351000 	/System/Library/Frameworks/OpenGL.framework/Versions/A/Resources/GLRendererFloat.bundle/GLRendererFloat
0x000000001f351000 	/System/Library/Frameworks/OpenCL.framework/Versions/A/Libraries/libcldcpuengine.dylib
0x0000000123e93000 	/Library/Java/JavaVirtualMachines/jdk1.8.0_144.jdk/Contents/Home/jre/lib/libfontmanager.dylib
0x0000000122221000 	/Library/Java/JavaVirtualMachines/jdk1.8.0_144.jdk/Contents/Home/jre/lib/libosxui.dylib
0x0000000124cb7000 	/private/var/folders/_f/50hlkdyn1c95yd2np_ddygjr0000gn/T/1526827000908-libjSerialComm.jnilib
0x000000001f351000 	/System/Library/PrivateFrameworks/ViewBridge.framework/Versions/A/ViewBridge
0x0000000124f55000 	/Library/Java/JavaVirtualMachines/jdk1.8.0_144.jdk/Contents/Home/jre/lib/libnet.dylib
0x0000000124d69000 	/Library/Java/JavaVirtualMachines/jdk1.8.0_144.jdk/Contents/Home/jre/lib/libnio.dylib
0x0000000120a09000 	/Library/Java/JavaVirtualMachines/jdk1.8.0_144.jdk/Contents/Home/jre/lib/libdcpr.dylib

VM Arguments:
jvm_args: -Dfile.encoding=UTF-8 
java_command: sembscope.Graph
java_class_path (initial): /Library/Java/JavaVirtualMachines/jdk1.8.0_144.jdk/Contents/Home/jre/lib/resources.jar:/Library/Java/JavaVirtualMachines/jdk1.8.0_144.jdk/Contents/Home/jre/lib/rt.jar:/Library/Java/JavaVirtualMachines/jdk1.8.0_144.jdk/Contents/Home/jre/lib/jsse.jar:/Library/Java/JavaVirtualMachines/jdk1.8.0_144.jdk/Contents/Home/jre/lib/jce.jar:/Library/Java/JavaVirtualMachines/jdk1.8.0_144.jdk/Contents/Home/jre/lib/charsets.jar:/Library/Java/JavaVirtualMachines/jdk1.8.0_144.jdk/Contents/Home/jre/lib/jfr.jar:/Library/Java/JavaVirtualMachines/jdk1.8.0_144.jdk/Contents/Home/jre/lib/ext/sunec.jar:/Library/Java/JavaVirtualMachines/jdk1.8.0_144.jdk/Contents/Home/jre/lib/ext/nashorn.jar:/Library/Java/JavaVirtualMachines/jdk1.8.0_144.jdk/Contents/Home/jre/lib/ext/cldrdata.jar:/Library/Java/JavaVirtualMachines/jdk1.8.0_144.jdk/Contents/Home/jre/lib/ext/jfxrt.jar:/Library/Java/JavaVirtualMachines/jdk1.8.0_144.jdk/Contents/Home/jre/lib/ext/dnsns.jar:/Library/Java/JavaVirtualMachines/jdk1.8.0_144.jdk/Contents/Home/jre/lib/ext/localedata.jar:/Library/Java/JavaVirtualMachines/jdk1.8.0_144.jdk/Contents/Home/jre/lib/ext/sunjce_provider.jar:/Library/Java/JavaVirtualMachines/jdk1.8.0_144.jdk/Contents/Home/jre/lib/ext/sunpkcs11.jar:/Library/Java/JavaVirtualMachines/jdk1.8.0_144.jdk/Contents/Home/jre/lib/ext/jaccess.jar:/Library/Java/JavaVirtualMachines/jdk1.8.0_144.jdk/Contents/Home/jre/lib/ext/zipfs.jar:/System/Library/Java/Extensions/MRJToolkit.jar:/Users/icrto/eclipse-workspace/sembscope/bin:/Users/icrto/eclipse-workspace/sembscope/jcommon-1.0.23.jar:/Users/icrto/eclipse-workspace/sembscope/jfreechart-1.0.19.jar:/Users/icrto/eclipse-workspace/sembscope/jSerialComm-2.0.2.jar
Launcher Type: SUN_STANDARD

Environment Variables:
PATH=/usr/bin:/bin:/usr/sbin:/sbin
SHELL=/bin/bash
DISPLAY=/private/tmp/com.apple.launchd.XazjpumaGp/org.macosforge.xquartz:0

Signal Handlers:
SIGSEGV: [libjvm.dylib+0x5b26e5], sa_mask[0]=11111111011111110111111111111111, sa_flags=SA_ONSTACK|SA_RESTART|SA_SIGINFO
SIGBUS: [libjvm.dylib+0x5b26e5], sa_mask[0]=11111111011111110111111111111111, sa_flags=SA_RESTART|SA_SIGINFO
SIGFPE: [libjvm.dylib+0x489100], sa_mask[0]=11111111011111110111111111111111, sa_flags=SA_RESTART|SA_SIGINFO
SIGPIPE: [libjvm.dylib+0x489100], sa_mask[0]=11111111011111110111111111111111, sa_flags=SA_RESTART|SA_SIGINFO
SIGXFSZ: [libjvm.dylib+0x489100], sa_mask[0]=11111111011111110111111111111111, sa_flags=SA_RESTART|SA_SIGINFO
SIGILL: [libjvm.dylib+0x489100], sa_mask[0]=11111111011111110111111111111111, sa_flags=SA_RESTART|SA_SIGINFO
SIGUSR1: SIG_DFL, sa_mask[0]=00000000000000000000000000000000, sa_flags=none
SIGUSR2: [libjvm.dylib+0x488c1e], sa_mask[0]=00100000000000000000000000000000, sa_flags=SA_RESTART|SA_SIGINFO
SIGHUP: [libjvm.dylib+0x4871f5], sa_mask[0]=11111111011111110111111111111111, sa_flags=SA_RESTART|SA_SIGINFO
SIGINT: [libjvm.dylib+0x4871f5], sa_mask[0]=11111111011111110111111111111111, sa_flags=SA_RESTART|SA_SIGINFO
SIGTERM: [libjvm.dylib+0x4871f5], sa_mask[0]=11111111011111110111111111111111, sa_flags=SA_RESTART|SA_SIGINFO
SIGQUIT: [libjvm.dylib+0x4871f5], sa_mask[0]=11111111011111110111111111111111, sa_flags=SA_RESTART|SA_SIGINFO


---------------  S Y S T E M  ---------------

OS:Bsduname:Darwin 17.5.0 Darwin Kernel Version 17.5.0: Fri Apr 13 19:32:32 PDT 2018; root:xnu-4570.51.2~1/RELEASE_X86_64 x86_64
rlimit: STACK 8192k, CORE 0k, NPROC 709, NOFILE 10240, AS infinity
load average:2.65 2.29 2.03

CPU:total 4 (initial active 4) (2 cores per cpu, 2 threads per core) family 6 model 61 stepping 4, cmov, cx8, fxsr, mmx, sse, sse2, sse3, ssse3, sse4.1, sse4.2, popcnt, avx, avx2, aes, clmul, erms, 3dnowpref, lzcnt, ht, tsc, tscinvbit, bmi1, bmi2, adx

Memory: 4k page, physical 8388608k(21552k free)

/proc/meminfo:


vm_info: Java HotSpot(TM) 64-Bit Server VM (25.144-b01) for bsd-amd64 JRE (1.8.0_144-b01), built on Jul 21 2017 22:07:42 by "java_re" with gcc 4.2.1 (Based on Apple Inc. build 5658) (LLVM build 2336.11.00)

time: Sun May 20 15:36:45 2018
elapsed time: 5 seconds (0d 0h 0m 5s)

